
> learnership-management-system@1.0.0 dev
> next dev

  ▲ Next.js 14.2.35
  - Local:        http://localhost:3000
  - Environments: .env.local, .env

 ✓ Starting...
 ✓ Ready in 8.3s
 ○ Compiling /src/middleware ...
 ✓ Compiled /src/middleware in 1992ms (151 modules)
 ○ Compiling /api/auth/login ...
 ✓ Compiled /api/auth/login in 1887ms (155 modules)
prisma:query SELECT `main`.`User`.`id`, `main`.`User`.`email`, `main`.`User`.`name`, `main`.`User`.`password`, `main`.`User`.`role` FROM `main`.`User` WHERE (`main`.`User`.`email` = ? AND 1=1) LIMIT ? OFFSET ?
 POST /api/auth/login 200 in 2540ms
Token verification failed: [Error: The edge runtime does not support Node.js 'crypto' module.
Learn More: https://nextjs.org/docs/messages/node-module-in-edge-runtime]
Middleware: Invalid token for /api/groups
 ✓ Compiled in 4.1s (282 modules)
 ✓ Compiled in 129ms (139 modules)
 ✓ Compiled in 80ms
Middleware: No token found for /
 ○ Compiling /login ...
Middleware: No token found for /
 ✓ Compiled /login in 20.4s (630 modules)
 ✓ Compiled in 2.8s (312 modules)
 GET /login?callbackUrl=%2F 200 in 4247ms
 ✓ Compiled in 6.6s (312 modules)
 ✓ Compiled in 3.6s (312 modules)
Middleware: Valid token for user 3cf527c2-c02a-4350-a178-33e8a5b3a03a
Middleware: Valid token for user 3cf527c2-c02a-4350-a178-33e8a5b3a03a
 ○ Compiling /api/groups ...
Middleware: Valid token for user 3cf527c2-c02a-4350-a178-33e8a5b3a03a
Middleware: Valid token for user 3cf527c2-c02a-4350-a178-33e8a5b3a03a
Middleware: Valid token for user 3cf527c2-c02a-4350-a178-33e8a5b3a03a
 ✓ Compiled /api/auth/login in 29.5s (732 modules)
prisma:query SELECT 1
prisma:query SELECT `main`.`Company`.`id`, `main`.`Company`.`name`, `main`.`Company`.`address`, `main`.`Company`.`contactPerson`, `main`.`Company`.`email`, `main`.`Company`.`phone`, `main`.`Company`.`industry`, `main`.`Company`.`status`, `main`.`Company`.`createdAt`, `main`.`Company`.`updatedAt`, COALESCE(`aggr_selection_0_Group`.`_aggr_count_groups`, 0) AS `_aggr_count_groups` FROM `main`.`Company` LEFT JOIN (SELECT `main`.`Group`.`companyId`, COUNT(*) AS `_aggr_count_groups` FROM `main`.`Group` WHERE 1=1 GROUP BY `main`.`Group`.`companyId`) AS `aggr_selection_0_Group` ON (`main`.`Company`.`id` = `aggr_selection_0_Group`.`companyId`) WHERE 1=1 ORDER BY `main`.`Company`.`name` ASC LIMIT ? OFFSET ?
prisma:query SELECT `main`.`Group`.`id`, `main`.`Group`.`name`, `main`.`Group`.`status`, `main`.`Group`.`companyId` FROM `main`.`Group` WHERE `main`.`Group`.`companyId` IN (?,?,?,?,?,?,?,?) LIMIT ? OFFSET ?
prisma:query SELECT `main`.`Company`.`id`, `main`.`Company`.`name`, `main`.`Company`.`address`, `main`.`Company`.`contactPerson`, `main`.`Company`.`email`, `main`.`Company`.`phone`, `main`.`Company`.`industry`, `main`.`Company`.`status`, `main`.`Company`.`createdAt`, `main`.`Company`.`updatedAt`, COALESCE(`aggr_selection_0_Group`.`_aggr_count_groups`, 0) AS `_aggr_count_groups` FROM `main`.`Company` LEFT JOIN (SELECT `main`.`Group`.`companyId`, COUNT(*) AS `_aggr_count_groups` FROM `main`.`Group` WHERE 1=1 GROUP BY `main`.`Group`.`companyId`) AS `aggr_selection_0_Group` ON (`main`.`Company`.`id` = `aggr_selection_0_Group`.`companyId`) WHERE 1=1 ORDER BY `main`.`Company`.`name` ASC LIMIT ? OFFSET ?
prisma:query SELECT `main`.`Group`.`id`, `main`.`Group`.`name`, `main`.`Group`.`status`, `main`.`Group`.`companyId` FROM `main`.`Group` WHERE `main`.`Group`.`companyId` IN (?,?,?,?,?,?,?,?) LIMIT ? OFFSET ?
prisma:query SELECT `main`.`Group`.`id`, `main`.`Group`.`name`, `main`.`Group`.`location`, `main`.`Group`.`address`, `main`.`Group`.`contactName`, `main`.`Group`.`contactPhone`, `main`.`Group`.`coordinator`, `main`.`Group`.`startDate`, `main`.`Group`.`endDate`, `main`.`Group`.`status`, `main`.`Group`.`notes`, `main`.`Group`.`createdAt`, `main`.`Group`.`updatedAt`, `main`.`Group`.`companyId`, COALESCE(`aggr_selection_0_Student`.`_aggr_count_students`, 0) AS `_aggr_count_students`, COALESCE(`aggr_selection_1_Session`.`_aggr_count_sessions`, 0) AS `_aggr_count_sessions` FROM `main`.`Group` LEFT JOIN (SELECT `main`.`Student`.`groupId`, COUNT(*) AS `_aggr_count_students` FROM `main`.`Student` WHERE 1=1 GROUP BY `main`.`Student`.`groupId`) AS `aggr_selection_0_Student` ON (`main`.`Group`.`id` = `aggr_selection_0_Student`.`groupId`) LEFT JOIN (SELECT `main`.`Session`.`groupId`, COUNT(*) AS `_aggr_count_sessions` FROM `main`.`Session` WHERE 1=1 GROUP BY `main`.`Session`.`groupId`) AS `aggr_selection_1_Session` ON (`main`.`Group`.`id` = `aggr_selection_1_Session`.`groupId`) WHERE 1=1 ORDER BY `main`.`Group`.`name` ASC LIMIT ? OFFSET ?
prisma:query SELECT `main`.`Company`.`id`, `main`.`Company`.`name`, `main`.`Company`.`address`, `main`.`Company`.`contactPerson`, `main`.`Company`.`email`, `main`.`Company`.`phone`, `main`.`Company`.`industry`, `main`.`Company`.`status`, `main`.`Company`.`createdAt`, `main`.`Company`.`updatedAt` FROM `main`.`Company` WHERE `main`.`Company`.`id` IN (?,?,?,?,?,?,?,?) LIMIT ? OFFSET ?
prisma:query SELECT `main`.`Group`.`id`, `main`.`Group`.`name`, `main`.`Group`.`location`, `main`.`Group`.`address`, `main`.`Group`.`contactName`, `main`.`Group`.`contactPhone`, `main`.`Group`.`coordinator`, `main`.`Group`.`startDate`, `main`.`Group`.`endDate`, `main`.`Group`.`status`, `main`.`Group`.`notes`, `main`.`Group`.`createdAt`, `main`.`Group`.`updatedAt`, `main`.`Group`.`companyId`, COALESCE(`aggr_selection_0_Student`.`_aggr_count_students`, 0) AS `_aggr_count_students`, COALESCE(`aggr_selection_1_Session`.`_aggr_count_sessions`, 0) AS `_aggr_count_sessions` FROM `main`.`Group` LEFT JOIN (SELECT `main`.`Student`.`groupId`, COUNT(*) AS `_aggr_count_students` FROM `main`.`Student` WHERE 1=1 GROUP BY `main`.`Student`.`groupId`) AS `aggr_selection_0_Student` ON (`main`.`Group`.`id` = `aggr_selection_0_Student`.`groupId`) LEFT JOIN (SELECT `main`.`Session`.`groupId`, COUNT(*) AS `_aggr_count_sessions` FROM `main`.`Session` WHERE 1=1 GROUP BY `main`.`Session`.`groupId`) AS `aggr_selection_1_Session` ON (`main`.`Group`.`id` = `aggr_selection_1_Session`.`groupId`) WHERE 1=1 ORDER BY `main`.`Group`.`name` ASC LIMIT ? OFFSET ?
prisma:query SELECT `main`.`Student`.`id`, `main`.`Student`.`studentId`, `main`.`Student`.`firstName`, `main`.`Student`.`lastName`, `main`.`Student`.`progress`, `main`.`Student`.`status`, `main`.`Student`.`groupId` FROM `main`.`Student` WHERE `main`.`Student`.`groupId` IN (?,?,?,?,?,?,?,?,?,?,?,?) ORDER BY `main`.`Student`.`lastName` ASC LIMIT ? OFFSET ?
prisma:query SELECT `main`.`Company`.`id`, `main`.`Company`.`name`, `main`.`Company`.`address`, `main`.`Company`.`contactPerson`, `main`.`Company`.`email`, `main`.`Company`.`phone`, `main`.`Company`.`industry`, `main`.`Company`.`status`, `main`.`Company`.`createdAt`, `main`.`Company`.`updatedAt` FROM `main`.`Company` WHERE `main`.`Company`.`id` IN (?,?,?,?,?,?,?,?) LIMIT ? OFFSET ?
prisma:query SELECT `main`.`GroupRolloutPlan`.`id`, `main`.`GroupRolloutPlan`.`groupId`, `main`.`GroupRolloutPlan`.`module1StartDate`, `main`.`GroupRolloutPlan`.`module1EndDate`, `main`.`GroupRolloutPlan`.`module2StartDate`, `main`.`GroupRolloutPlan`.`module2EndDate`, `main`.`GroupRolloutPlan`.`module3StartDate`, `main`.`GroupRolloutPlan`.`module3EndDate`, `main`.`GroupRolloutPlan`.`module4StartDate`, `main`.`GroupRolloutPlan`.`module4EndDate`, `main`.`GroupRolloutPlan`.`module5StartDate`, `main`.`GroupRolloutPlan`.`module5EndDate`, `main`.`GroupRolloutPlan`.`module6StartDate`, `main`.`GroupRolloutPlan`.`module6EndDate`, `main`.`GroupRolloutPlan`.`rolloutDocPath` FROM `main`.`GroupRolloutPlan` WHERE `main`.`GroupRolloutPlan`.`groupId` IN (?,?,?,?,?,?,?,?,?,?,?,?) LIMIT ? OFFSET ?
prisma:query SELECT `main`.`Student`.`id`, `main`.`Student`.`studentId`, `main`.`Student`.`firstName`, `main`.`Student`.`lastName`, `main`.`Student`.`progress`, `main`.`Student`.`status`, `main`.`Student`.`groupId` FROM `main`.`Student` WHERE `main`.`Student`.`groupId` IN (?,?,?,?,?,?,?,?,?,?,?,?) ORDER BY `main`.`Student`.`lastName` ASC LIMIT ? OFFSET ?
prisma:query SELECT `main`.`GroupRolloutPlan`.`id`, `main`.`GroupRolloutPlan`.`groupId`, `main`.`GroupRolloutPlan`.`module1StartDate`, `main`.`GroupRolloutPlan`.`module1EndDate`, `main`.`GroupRolloutPlan`.`module2StartDate`, `main`.`GroupRolloutPlan`.`module2EndDate`, `main`.`GroupRolloutPlan`.`module3StartDate`, `main`.`GroupRolloutPlan`.`module3EndDate`, `main`.`GroupRolloutPlan`.`module4StartDate`, `main`.`GroupRolloutPlan`.`module4EndDate`, `main`.`GroupRolloutPlan`.`module5StartDate`, `main`.`GroupRolloutPlan`.`module5EndDate`, `main`.`GroupRolloutPlan`.`module6StartDate`, `main`.`GroupRolloutPlan`.`module6EndDate`, `main`.`GroupRolloutPlan`.`rolloutDocPath` FROM `main`.`GroupRolloutPlan` WHERE `main`.`GroupRolloutPlan`.`groupId` IN (?,?,?,?,?,?,?,?,?,?,?,?) LIMIT ? OFFSET ?
prisma:query SELECT `main`.`Group`.`id`, `main`.`Group`.`name`, `main`.`Group`.`location`, `main`.`Group`.`address`, `main`.`Group`.`contactName`, `main`.`Group`.`contactPhone`, `main`.`Group`.`coordinator`, `main`.`Group`.`startDate`, `main`.`Group`.`endDate`, `main`.`Group`.`status`, `main`.`Group`.`notes`, `main`.`Group`.`createdAt`, `main`.`Group`.`updatedAt`, `main`.`Group`.`companyId`, COALESCE(`aggr_selection_0_Student`.`_aggr_count_students`, 0) AS `_aggr_count_students`, COALESCE(`aggr_selection_1_Session`.`_aggr_count_sessions`, 0) AS `_aggr_count_sessions` FROM `main`.`Group` LEFT JOIN (SELECT `main`.`Student`.`groupId`, COUNT(*) AS `_aggr_count_students` FROM `main`.`Student` WHERE 1=1 GROUP BY `main`.`Student`.`groupId`) AS `aggr_selection_0_Student` ON (`main`.`Group`.`id` = `aggr_selection_0_Student`.`groupId`) LEFT JOIN (SELECT `main`.`Session`.`groupId`, COUNT(*) AS `_aggr_count_sessions` FROM `main`.`Session` WHERE 1=1 GROUP BY `main`.`Session`.`groupId`) AS `aggr_selection_1_Session` ON (`main`.`Group`.`id` = `aggr_selection_1_Session`.`groupId`) WHERE 1=1 ORDER BY `main`.`Group`.`name` ASC LIMIT ? OFFSET ?
prisma:query SELECT `main`.`Company`.`id`, `main`.`Company`.`name`, `main`.`Company`.`address`, `main`.`Company`.`contactPerson`, `main`.`Company`.`email`, `main`.`Company`.`phone`, `main`.`Company`.`industry`, `main`.`Company`.`status`, `main`.`Company`.`createdAt`, `main`.`Company`.`updatedAt` FROM `main`.`Company` WHERE `main`.`Company`.`id` IN (?,?,?,?,?,?,?,?) LIMIT ? OFFSET ?
prisma:query SELECT `main`.`Student`.`id`, `main`.`Student`.`studentId`, `main`.`Student`.`firstName`, `main`.`Student`.`lastName`, `main`.`Student`.`progress`, `main`.`Student`.`status`, `main`.`Student`.`groupId` FROM `main`.`Student` WHERE `main`.`Student`.`groupId` IN (?,?,?,?,?,?,?,?,?,?,?,?) ORDER BY `main`.`Student`.`lastName` ASC LIMIT ? OFFSET ?
prisma:query SELECT `main`.`GroupRolloutPlan`.`id`, `main`.`GroupRolloutPlan`.`groupId`, `main`.`GroupRolloutPlan`.`module1StartDate`, `main`.`GroupRolloutPlan`.`module1EndDate`, `main`.`GroupRolloutPlan`.`module2StartDate`, `main`.`GroupRolloutPlan`.`module2EndDate`, `main`.`GroupRolloutPlan`.`module3StartDate`, `main`.`GroupRolloutPlan`.`module3EndDate`, `main`.`GroupRolloutPlan`.`module4StartDate`, `main`.`GroupRolloutPlan`.`module4EndDate`, `main`.`GroupRolloutPlan`.`module5StartDate`, `main`.`GroupRolloutPlan`.`module5EndDate`, `main`.`GroupRolloutPlan`.`module6StartDate`, `main`.`GroupRolloutPlan`.`module6EndDate`, `main`.`GroupRolloutPlan`.`rolloutDocPath` FROM `main`.`GroupRolloutPlan` WHERE `main`.`GroupRolloutPlan`.`groupId` IN (?,?,?,?,?,?,?,?,?,?,?,?) LIMIT ? OFFSET ?
prisma:query SELECT `main`.`User`.`id`, `main`.`User`.`email`, `main`.`User`.`name`, `main`.`User`.`password`, `main`.`User`.`role` FROM `main`.`User` WHERE (`main`.`User`.`email` = ? AND 1=1) LIMIT ? OFFSET ?
 GET /api/companies 200 in 4931ms
 GET /api/companies 200 in 30309ms
 GET /api/groups 200 in 4955ms
 GET /api/groups 200 in 4056ms
 GET /api/groups 200 in 30314ms
 POST /api/auth/login 200 in 29129ms
Middleware: Valid token for user 3cf527c2-c02a-4350-a178-33e8a5b3a03a
Middleware: Valid token for user 3cf527c2-c02a-4350-a178-33e8a5b3a03a
Middleware: Valid token for user 3cf527c2-c02a-4350-a178-33e8a5b3a03a
prisma:query SELECT `main`.`Company`.`id`, `main`.`Company`.`name`, `main`.`Company`.`address`, `main`.`Company`.`contactPerson`, `main`.`Company`.`email`, `main`.`Company`.`phone`, `main`.`Company`.`industry`, `main`.`Company`.`status`, `main`.`Company`.`createdAt`, `main`.`Company`.`updatedAt`, COALESCE(`aggr_selection_0_Group`.`_aggr_count_groups`, 0) AS `_aggr_count_groups` FROM `main`.`Company` LEFT JOIN (SELECT `main`.`Group`.`companyId`, COUNT(*) AS `_aggr_count_groups` FROM `main`.`Group` WHERE 1=1 GROUP BY `main`.`Group`.`companyId`) AS `aggr_selection_0_Group` ON (`main`.`Company`.`id` = `aggr_selection_0_Group`.`companyId`) WHERE 1=1 ORDER BY `main`.`Company`.`name` ASC LIMIT ? OFFSET ?
prisma:query SELECT `main`.`Group`.`id`, `main`.`Group`.`name`, `main`.`Group`.`status`, `main`.`Group`.`companyId` FROM `main`.`Group` WHERE `main`.`Group`.`companyId` IN (?,?,?,?,?,?,?,?) LIMIT ? OFFSET ?
 GET /api/companies 200 in 186ms
prisma:query SELECT `main`.`Group`.`id`, `main`.`Group`.`name`, `main`.`Group`.`location`, `main`.`Group`.`address`, `main`.`Group`.`contactName`, `main`.`Group`.`contactPhone`, `main`.`Group`.`coordinator`, `main`.`Group`.`startDate`, `main`.`Group`.`endDate`, `main`.`Group`.`status`, `main`.`Group`.`notes`, `main`.`Group`.`createdAt`, `main`.`Group`.`updatedAt`, `main`.`Group`.`companyId`, COALESCE(`aggr_selection_0_Student`.`_aggr_count_students`, 0) AS `_aggr_count_students`, COALESCE(`aggr_selection_1_Session`.`_aggr_count_sessions`, 0) AS `_aggr_count_sessions` FROM `main`.`Group` LEFT JOIN (SELECT `main`.`Student`.`groupId`, COUNT(*) AS `_aggr_count_students` FROM `main`.`Student` WHERE 1=1 GROUP BY `main`.`Student`.`groupId`) AS `aggr_selection_0_Student` ON (`main`.`Group`.`id` = `aggr_selection_0_Student`.`groupId`) LEFT JOIN (SELECT `main`.`Session`.`groupId`, COUNT(*) AS `_aggr_count_sessions` FROM `main`.`Session` WHERE 1=1 GROUP BY `main`.`Session`.`groupId`) AS `aggr_selection_1_Session` ON (`main`.`Group`.`id` = `aggr_selection_1_Session`.`groupId`) WHERE 1=1 ORDER BY `main`.`Group`.`name` ASC LIMIT ? OFFSET ?
prisma:query SELECT `main`.`Company`.`id`, `main`.`Company`.`name`, `main`.`Company`.`address`, `main`.`Company`.`contactPerson`, `main`.`Company`.`email`, `main`.`Company`.`phone`, `main`.`Company`.`industry`, `main`.`Company`.`status`, `main`.`Company`.`createdAt`, `main`.`Company`.`updatedAt` FROM `main`.`Company` WHERE `main`.`Company`.`id` IN (?,?,?,?,?,?,?,?) LIMIT ? OFFSET ?
prisma:query SELECT `main`.`Student`.`id`, `main`.`Student`.`studentId`, `main`.`Student`.`firstName`, `main`.`Student`.`lastName`, `main`.`Student`.`progress`, `main`.`Student`.`status`, `main`.`Student`.`groupId` FROM `main`.`Student` WHERE `main`.`Student`.`groupId` IN (?,?,?,?,?,?,?,?,?,?,?,?) ORDER BY `main`.`Student`.`lastName` ASC LIMIT ? OFFSET ?
prisma:query SELECT `main`.`GroupRolloutPlan`.`id`, `main`.`GroupRolloutPlan`.`groupId`, `main`.`GroupRolloutPlan`.`module1StartDate`, `main`.`GroupRolloutPlan`.`module1EndDate`, `main`.`GroupRolloutPlan`.`module2StartDate`, `main`.`GroupRolloutPlan`.`module2EndDate`, `main`.`GroupRolloutPlan`.`module3StartDate`, `main`.`GroupRolloutPlan`.`module3EndDate`, `main`.`GroupRolloutPlan`.`module4StartDate`, `main`.`GroupRolloutPlan`.`module4EndDate`, `main`.`GroupRolloutPlan`.`module5StartDate`, `main`.`GroupRolloutPlan`.`module5EndDate`, `main`.`GroupRolloutPlan`.`module6StartDate`, `main`.`GroupRolloutPlan`.`module6EndDate`, `main`.`GroupRolloutPlan`.`rolloutDocPath` FROM `main`.`GroupRolloutPlan` WHERE `main`.`GroupRolloutPlan`.`groupId` IN (?,?,?,?,?,?,?,?,?,?,?,?) LIMIT ? OFFSET ?
 GET /api/groups 200 in 223ms
prisma:query SELECT `main`.`Company`.`id`, `main`.`Company`.`name`, `main`.`Company`.`address`, `main`.`Company`.`contactPerson`, `main`.`Company`.`email`, `main`.`Company`.`phone`, `main`.`Company`.`industry`, `main`.`Company`.`status`, `main`.`Company`.`createdAt`, `main`.`Company`.`updatedAt`, COALESCE(`aggr_selection_0_Group`.`_aggr_count_groups`, 0) AS `_aggr_count_groups` FROM `main`.`Company` LEFT JOIN (SELECT `main`.`Group`.`companyId`, COUNT(*) AS `_aggr_count_groups` FROM `main`.`Group` WHERE 1=1 GROUP BY `main`.`Group`.`companyId`) AS `aggr_selection_0_Group` ON (`main`.`Company`.`id` = `aggr_selection_0_Group`.`companyId`) WHERE 1=1 ORDER BY `main`.`Company`.`name` ASC LIMIT ? OFFSET ?
prisma:query SELECT `main`.`Group`.`id`, `main`.`Group`.`name`, `main`.`Group`.`status`, `main`.`Group`.`companyId` FROM `main`.`Group` WHERE `main`.`Group`.`companyId` IN (?,?,?,?,?,?,?,?) LIMIT ? OFFSET ?
 GET /api/companies 200 in 231ms
Terminate batch job (Y/N)? [?25h
