
> learnership-management-system@1.0.0 dev
> next dev

  ▲ Next.js 14.2.35
  - Local:        http://localhost:3000
  - Environments: .env.local, .env

 ✓ Starting...
 ✓ Ready in 11.1s
 ○ Compiling /src/middleware ...
 ✓ Compiled /src/middleware in 1992ms (139 modules)
 ○ Compiling /register ...
 ✓ Compiled /register in 12s (630 modules)
 ✓ Compiled in 1639ms (312 modules)
 GET /register 200 in 13781ms
Middleware: Valid token for user 3cf527c2-c02a-4350-a178-33e8a5b3a03a
Middleware: Valid token for user 3cf527c2-c02a-4350-a178-33e8a5b3a03a
 ○ Compiling /api/companies ...
 ✓ Compiled /login in 10.2s (333 modules)
 ✓ Compiled in 982ms (300 modules)
prisma:query SELECT `main`.`Company`.`id`, `main`.`Company`.`name`, `main`.`Company`.`address`, `main`.`Company`.`contactPerson`, `main`.`Company`.`email`, `main`.`Company`.`phone`, `main`.`Company`.`industry`, `main`.`Company`.`status`, `main`.`Company`.`createdAt`, `main`.`Company`.`updatedAt`, COALESCE(`aggr_selection_0_Group`.`_aggr_count_groups`, 0) AS `_aggr_count_groups` FROM `main`.`Company` LEFT JOIN (SELECT `main`.`Group`.`companyId`, COUNT(*) AS `_aggr_count_groups` FROM `main`.`Group` WHERE 1=1 GROUP BY `main`.`Group`.`companyId`) AS `aggr_selection_0_Group` ON (`main`.`Company`.`id` = `aggr_selection_0_Group`.`companyId`) WHERE 1=1 ORDER BY `main`.`Company`.`name` ASC LIMIT ? OFFSET ?
prisma:query SELECT `main`.`Group`.`id`, `main`.`Group`.`name`, `main`.`Group`.`status`, `main`.`Group`.`companyId` FROM `main`.`Group` WHERE `main`.`Group`.`companyId` IN (?,?,?,?,?,?,?,?) LIMIT ? OFFSET ?
prisma:query SELECT `main`.`Group`.`id`, `main`.`Group`.`name`, `main`.`Group`.`location`, `main`.`Group`.`address`, `main`.`Group`.`contactName`, `main`.`Group`.`contactPhone`, `main`.`Group`.`coordinator`, `main`.`Group`.`startDate`, `main`.`Group`.`endDate`, `main`.`Group`.`status`, `main`.`Group`.`notes`, `main`.`Group`.`createdAt`, `main`.`Group`.`updatedAt`, `main`.`Group`.`companyId`, COALESCE(`aggr_selection_0_Student`.`_aggr_count_students`, 0) AS `_aggr_count_students`, COALESCE(`aggr_selection_1_Session`.`_aggr_count_sessions`, 0) AS `_aggr_count_sessions` FROM `main`.`Group` LEFT JOIN (SELECT `main`.`Student`.`groupId`, COUNT(*) AS `_aggr_count_students` FROM `main`.`Student` WHERE 1=1 GROUP BY `main`.`Student`.`groupId`) AS `aggr_selection_0_Student` ON (`main`.`Group`.`id` = `aggr_selection_0_Student`.`groupId`) LEFT JOIN (SELECT `main`.`Session`.`groupId`, COUNT(*) AS `_aggr_count_sessions` FROM `main`.`Session` WHERE 1=1 GROUP BY `main`.`Session`.`groupId`) AS `aggr_selection_1_Session` ON (`main`.`Group`.`id` = `aggr_selection_1_Session`.`groupId`) WHERE 1=1 ORDER BY `main`.`Group`.`name` ASC LIMIT ? OFFSET ?
prisma:query SELECT `main`.`Company`.`id`, `main`.`Company`.`name`, `main`.`Company`.`address`, `main`.`Company`.`contactPerson`, `main`.`Company`.`email`, `main`.`Company`.`phone`, `main`.`Company`.`industry`, `main`.`Company`.`status`, `main`.`Company`.`createdAt`, `main`.`Company`.`updatedAt` FROM `main`.`Company` WHERE `main`.`Company`.`id` IN (?,?,?,?,?,?,?,?) LIMIT ? OFFSET ?
prisma:query SELECT `main`.`Student`.`id`, `main`.`Student`.`studentId`, `main`.`Student`.`firstName`, `main`.`Student`.`lastName`, `main`.`Student`.`progress`, `main`.`Student`.`status`, `main`.`Student`.`groupId` FROM `main`.`Student` WHERE `main`.`Student`.`groupId` IN (?,?,?,?,?,?,?,?,?,?) ORDER BY `main`.`Student`.`lastName` ASC LIMIT ? OFFSET ?
 GET /api/companies 200 in 12193ms
prisma:query SELECT `main`.`GroupRolloutPlan`.`id`, `main`.`GroupRolloutPlan`.`groupId`, `main`.`GroupRolloutPlan`.`module1StartDate`, `main`.`GroupRolloutPlan`.`module1EndDate`, `main`.`GroupRolloutPlan`.`module2StartDate`, `main`.`GroupRolloutPlan`.`module2EndDate`, `main`.`GroupRolloutPlan`.`module3StartDate`, `main`.`GroupRolloutPlan`.`module3EndDate`, `main`.`GroupRolloutPlan`.`module4StartDate`, `main`.`GroupRolloutPlan`.`module4EndDate`, `main`.`GroupRolloutPlan`.`module5StartDate`, `main`.`GroupRolloutPlan`.`module5EndDate`, `main`.`GroupRolloutPlan`.`module6StartDate`, `main`.`GroupRolloutPlan`.`module6EndDate`, `main`.`GroupRolloutPlan`.`rolloutDocPath` FROM `main`.`GroupRolloutPlan` WHERE `main`.`GroupRolloutPlan`.`groupId` IN (?,?,?,?,?,?,?,?,?,?) LIMIT ? OFFSET ?
 GET /api/groups 200 in 12233ms
Middleware: Valid token for user 3cf527c2-c02a-4350-a178-33e8a5b3a03a
 ○ Compiling / ...
Middleware: Valid token for user 3cf527c2-c02a-4350-a178-33e8a5b3a03a
Middleware: Valid token for user 3cf527c2-c02a-4350-a178-33e8a5b3a03a
 ✓ Compiled /api/auth/login in 12.4s (1829 modules)
 ✓ Compiled (1914 modules)
prisma:query SELECT `main`.`User`.`id`, `main`.`User`.`email`, `main`.`User`.`name`, `main`.`User`.`password`, `main`.`User`.`role` FROM `main`.`User` WHERE (`main`.`User`.`email` = ? AND 1=1) LIMIT ? OFFSET ?
prisma:query SELECT `main`.`Company`.`id`, `main`.`Company`.`name`, `main`.`Company`.`address`, `main`.`Company`.`contactPerson`, `main`.`Company`.`email`, `main`.`Company`.`phone`, `main`.`Company`.`industry`, `main`.`Company`.`status`, `main`.`Company`.`createdAt`, `main`.`Company`.`updatedAt`, COALESCE(`aggr_selection_0_Group`.`_aggr_count_groups`, 0) AS `_aggr_count_groups` FROM `main`.`Company` LEFT JOIN (SELECT `main`.`Group`.`companyId`, COUNT(*) AS `_aggr_count_groups` FROM `main`.`Group` WHERE 1=1 GROUP BY `main`.`Group`.`companyId`) AS `aggr_selection_0_Group` ON (`main`.`Company`.`id` = `aggr_selection_0_Group`.`companyId`) WHERE 1=1 ORDER BY `main`.`Company`.`name` ASC LIMIT ? OFFSET ?
prisma:query SELECT `main`.`Group`.`id`, `main`.`Group`.`name`, `main`.`Group`.`status`, `main`.`Group`.`companyId` FROM `main`.`Group` WHERE `main`.`Group`.`companyId` IN (?,?,?,?,?,?,?,?) LIMIT ? OFFSET ?
 GET /api/companies 200 in 2929ms
prisma:query SELECT `main`.`Group`.`id`, `main`.`Group`.`name`, `main`.`Group`.`location`, `main`.`Group`.`address`, `main`.`Group`.`contactName`, `main`.`Group`.`contactPhone`, `main`.`Group`.`coordinator`, `main`.`Group`.`startDate`, `main`.`Group`.`endDate`, `main`.`Group`.`status`, `main`.`Group`.`notes`, `main`.`Group`.`createdAt`, `main`.`Group`.`updatedAt`, `main`.`Group`.`companyId`, COALESCE(`aggr_selection_0_Student`.`_aggr_count_students`, 0) AS `_aggr_count_students`, COALESCE(`aggr_selection_1_Session`.`_aggr_count_sessions`, 0) AS `_aggr_count_sessions` FROM `main`.`Group` LEFT JOIN (SELECT `main`.`Student`.`groupId`, COUNT(*) AS `_aggr_count_students` FROM `main`.`Student` WHERE 1=1 GROUP BY `main`.`Student`.`groupId`) AS `aggr_selection_0_Student` ON (`main`.`Group`.`id` = `aggr_selection_0_Student`.`groupId`) LEFT JOIN (SELECT `main`.`Session`.`groupId`, COUNT(*) AS `_aggr_count_sessions` FROM `main`.`Session` WHERE 1=1 GROUP BY `main`.`Session`.`groupId`) AS `aggr_selection_1_Session` ON (`main`.`Group`.`id` = `aggr_selection_1_Session`.`groupId`) WHERE 1=1 ORDER BY `main`.`Group`.`name` ASC LIMIT ? OFFSET ?
prisma:query SELECT `main`.`Company`.`id`, `main`.`Company`.`name`, `main`.`Company`.`address`, `main`.`Company`.`contactPerson`, `main`.`Company`.`email`, `main`.`Company`.`phone`, `main`.`Company`.`industry`, `main`.`Company`.`status`, `main`.`Company`.`createdAt`, `main`.`Company`.`updatedAt` FROM `main`.`Company` WHERE `main`.`Company`.`id` IN (?,?,?,?,?,?,?,?) LIMIT ? OFFSET ?
prisma:query SELECT `main`.`Student`.`id`, `main`.`Student`.`studentId`, `main`.`Student`.`firstName`, `main`.`Student`.`lastName`, `main`.`Student`.`progress`, `main`.`Student`.`status`, `main`.`Student`.`groupId` FROM `main`.`Student` WHERE `main`.`Student`.`groupId` IN (?,?,?,?,?,?,?,?,?,?) ORDER BY `main`.`Student`.`lastName` ASC LIMIT ? OFFSET ?
prisma:query SELECT `main`.`GroupRolloutPlan`.`id`, `main`.`GroupRolloutPlan`.`groupId`, `main`.`GroupRolloutPlan`.`module1StartDate`, `main`.`GroupRolloutPlan`.`module1EndDate`, `main`.`GroupRolloutPlan`.`module2StartDate`, `main`.`GroupRolloutPlan`.`module2EndDate`, `main`.`GroupRolloutPlan`.`module3StartDate`, `main`.`GroupRolloutPlan`.`module3EndDate`, `main`.`GroupRolloutPlan`.`module4StartDate`, `main`.`GroupRolloutPlan`.`module4EndDate`, `main`.`GroupRolloutPlan`.`module5StartDate`, `main`.`GroupRolloutPlan`.`module5EndDate`, `main`.`GroupRolloutPlan`.`module6StartDate`, `main`.`GroupRolloutPlan`.`module6EndDate`, `main`.`GroupRolloutPlan`.`rolloutDocPath` FROM `main`.`GroupRolloutPlan` WHERE `main`.`GroupRolloutPlan`.`groupId` IN (?,?,?,?,?,?,?,?,?,?) LIMIT ? OFFSET ?
 GET /api/groups 200 in 3083ms
 POST /api/auth/login 200 in 2003ms
Middleware: Valid token for user adc25a2c-3aeb-43aa-af8f-5e2fe3028caa
Middleware: Valid token for user adc25a2c-3aeb-43aa-af8f-5e2fe3028caa
Middleware: Valid token for user adc25a2c-3aeb-43aa-af8f-5e2fe3028caa
Middleware: Valid token for user adc25a2c-3aeb-43aa-af8f-5e2fe3028caa
 ○ Compiling /api/dashboard/recent-activity ...
 ✓ Compiled /api/dashboard/recent-activity in 995ms (1020 modules)
 ✓ Compiled (1026 modules)
prisma:query SELECT 1
prisma:query SELECT `main`.`LessonPlan`.`id`, `main`.`LessonPlan`.`title`, `main`.`LessonPlan`.`description`, `main`.`LessonPlan`.`date`, `main`.`LessonPlan`.`startTime`, `main`.`LessonPlan`.`endTime`, `main`.`LessonPlan`.`venue`, `main`.`LessonPlan`.`objectives`, `main`.`LessonPlan`.`materials`, `main`.`LessonPlan`.`activities`, `main`.`LessonPlan`.`notes`, `main`.`LessonPlan`.`aiGenerated`, `main`.`LessonPlan`.`createdAt`, `main`.`LessonPlan`.`updatedAt`, `main`.`LessonPlan`.`moduleId`, `main`.`LessonPlan`.`facilitatorId`, `main`.`LessonPlan`.`groupId` FROM `main`.`LessonPlan` WHERE (`main`.`LessonPlan`.`date` >= ? AND `main`.`LessonPlan`.`date` <= ?) ORDER BY `main`.`LessonPlan`.`date` ASC, `main`.`LessonPlan`.`startTime` ASC LIMIT ? OFFSET ?
prisma:query SELECT `main`.`Module`.`id`, `main`.`Module`.`code`, `main`.`Module`.`name` FROM `main`.`Module` WHERE `main`.`Module`.`id` IN (?) LIMIT ? OFFSET ?
prisma:query SELECT `main`.`User`.`id`, `main`.`User`.`name`, `main`.`User`.`email` FROM `main`.`User` WHERE `main`.`User`.`id` IN (?) LIMIT ? OFFSET ?
prisma:query SELECT `main`.`Group`.`id`, `main`.`Group`.`name`, `main`.`Group`.`companyId`, COALESCE(`aggr_selection_0_Student`.`_aggr_count_students`, 0) AS `_aggr_count_students` FROM `main`.`Group` LEFT JOIN (SELECT `main`.`Student`.`groupId`, COUNT(*) AS `_aggr_count_students` FROM `main`.`Student` WHERE 1=1 GROUP BY `main`.`Student`.`groupId`) AS `aggr_selection_0_Student` ON (`main`.`Group`.`id` = `aggr_selection_0_Student`.`groupId`) WHERE `main`.`Group`.`id` IN (?) LIMIT ? OFFSET ?
prisma:query SELECT `main`.`Company`.`id`, `main`.`Company`.`name` FROM `main`.`Company` WHERE `main`.`Company`.`id` IN (?) LIMIT ? OFFSET ?
prisma:query SELECT `main`.`Assessment`.`id`, `main`.`Assessment`.`type`, `main`.`Assessment`.`method`, `main`.`Assessment`.`result`, `main`.`Assessment`.`score`, `main`.`Assessment`.`assessedDate`, `main`.`Assessment`.`dueDate`, `main`.`Assessment`.`notes`, `main`.`Assessment`.`feedback`, `main`.`Assessment`.`moderationStatus`, `main`.`Assessment`.`moderatedBy`, `main`.`Assessment`.`moderatedDate`, `main`.`Assessment`.`moderationNotes`, `main`.`Assessment`.`attemptNumber`, `main`.`Assessment`.`createdAt`, `main`.`Assessment`.`updatedAt`, `main`.`Assessment`.`studentId`, `main`.`Assessment`.`unitStandardId` FROM `main`.`Assessment` WHERE (`main`.`Assessment`.`result` = ? AND `main`.`Assessment`.`dueDate` >= ? AND `main`.`Assessment`.`dueDate` <= ?) ORDER BY `main`.`Assessment`.`dueDate` ASC LIMIT ? OFFSET ?
prisma:query SELECT 1
prisma:query SELECT COUNT(*) FROM (SELECT `main`.`Student`.`id` FROM `main`.`Student` WHERE (`main`.`Student`.`status` = ? AND `main`.`Student`.`createdAt` <= ?) LIMIT ? OFFSET ?) AS `sub`
prisma:query SELECT COUNT(*) FROM (SELECT `main`.`Group`.`id` FROM `main`.`Group` WHERE `main`.`Group`.`status` IN (?,?) LIMIT ? OFFSET ?) AS `sub`
prisma:query SELECT COUNT(*) FROM (SELECT `main`.`Student`.`id` FROM `main`.`Student` WHERE `main`.`Student`.`status` = ? LIMIT ? OFFSET ?) AS `sub`
prisma:query SELECT COUNT(*) FROM (SELECT `main`.`Group`.`id` FROM `main`.`Group` WHERE (`main`.`Group`.`status` IN (?,?) AND `main`.`Group`.`createdAt` <= ?) LIMIT ? OFFSET ?) AS `sub`
prisma:query SELECT COUNT(*) FROM (SELECT `main`.`Assessment`.`id` FROM `main`.`Assessment` WHERE (`main`.`Assessment`.`result` = ? AND `main`.`Assessment`.`dueDate` >= ?) LIMIT ? OFFSET ?) AS `sub`
prisma:query SELECT `main`.`Student`.`id`, `main`.`Student`.`progress` FROM `main`.`Student` WHERE (`main`.`Student`.`status` = ? AND `main`.`Student`.`createdAt` <= ?) LIMIT ? OFFSET ?
prisma:query SELECT `main`.`Attendance`.`id`, `main`.`Attendance`.`status` FROM `main`.`Attendance` WHERE `main`.`Attendance`.`date` >= ? LIMIT ? OFFSET ?
prisma:query SELECT COUNT(*) FROM (SELECT `main`.`Assessment`.`id` FROM `main`.`Assessment` WHERE (`main`.`Assessment`.`result` = ? AND `main`.`Assessment`.`dueDate` >= ? AND `main`.`Assessment`.`dueDate` <= ?) LIMIT ? OFFSET ?) AS `sub`
prisma:query SELECT COUNT(*) FROM (SELECT `main`.`Company`.`id` FROM `main`.`Company` WHERE (`main`.`Company`.`status` = ? AND `main`.`Company`.`createdAt` <= ?) LIMIT ? OFFSET ?) AS `sub`
prisma:query SELECT `main`.`Attendance`.`id`, `main`.`Attendance`.`status` FROM `main`.`Attendance` WHERE (`main`.`Attendance`.`date` >= ? AND `main`.`Attendance`.`date` <= ?) LIMIT ? OFFSET ?
prisma:query SELECT `main`.`Student`.`id`, `main`.`Student`.`progress`, `main`.`Student`.`createdAt` FROM `main`.`Student` WHERE `main`.`Student`.`status` = ? LIMIT ? OFFSET ?
prisma:query SELECT COUNT(*) FROM (SELECT `main`.`Module`.`id` FROM `main`.`Module` WHERE `main`.`Module`.`status` = ? LIMIT ? OFFSET ?) AS `sub`
prisma:query SELECT COUNT(*) FROM (SELECT `main`.`Module`.`id` FROM `main`.`Module` WHERE (`main`.`Module`.`status` = ? AND `main`.`Module`.`createdAt` <= ?) LIMIT ? OFFSET ?) AS `sub`
prisma:query SELECT COUNT(*) FROM (SELECT `main`.`Company`.`id` FROM `main`.`Company` WHERE `main`.`Company`.`status` = ? LIMIT ? OFFSET ?) AS `sub`
 GET /api/dashboard/stats 200 in 2315ms
prisma:query SELECT `main`.`Student`.`id`, `main`.`Student`.`studentId`, `main`.`Student`.`firstName`, `main`.`Student`.`lastName`, `main`.`Student`.`email`, `main`.`Student`.`phone`, `main`.`Student`.`idNumber`, `main`.`Student`.`progress`, `main`.`Student`.`totalCreditsEarned`, `main`.`Student`.`status`, `main`.`Student`.`createdAt`, `main`.`Student`.`updatedAt`, `main`.`Student`.`groupId`, `main`.`Student`.`facilitatorId`, `main`.`Student`.`currentModuleId` FROM `main`.`Student` WHERE `main`.`Student`.`status` = ? ORDER BY `main`.`Student`.`createdAt` DESC LIMIT ? OFFSET ?
prisma:query SELECT `main`.`Group`.`id`, `main`.`Group`.`name`, `main`.`Group`.`location`, `main`.`Group`.`address`, `main`.`Group`.`contactName`, `main`.`Group`.`contactPhone`, `main`.`Group`.`coordinator`, `main`.`Group`.`startDate`, `main`.`Group`.`endDate`, `main`.`Group`.`status`, `main`.`Group`.`notes`, `main`.`Group`.`createdAt`, `main`.`Group`.`updatedAt`, `main`.`Group`.`companyId` FROM `main`.`Group` WHERE `main`.`Group`.`id` IN (?,?,?,?) LIMIT ? OFFSET ?
prisma:query SELECT `main`.`Company`.`id`, `main`.`Company`.`name`, `main`.`Company`.`address`, `main`.`Company`.`contactPerson`, `main`.`Company`.`email`, `main`.`Company`.`phone`, `main`.`Company`.`industry`, `main`.`Company`.`status`, `main`.`Company`.`createdAt`, `main`.`Company`.`updatedAt` FROM `main`.`Company` WHERE `main`.`Company`.`id` IN (?,?,?,?) LIMIT ? OFFSET ?
prisma:query SELECT `main`.`Session`.`id`, `main`.`Session`.`title`, `main`.`Session`.`module`, `main`.`Session`.`date`, `main`.`Session`.`startTime`, `main`.`Session`.`endTime`, `main`.`Session`.`notes`, `main`.`Session`.`createdAt`, `main`.`Session`.`updatedAt`, `main`.`Session`.`groupId`, `main`.`Session`.`facilitatorId` FROM `main`.`Session` WHERE (`main`.`Session`.`date` >= ? AND `main`.`Session`.`date` <= ?) ORDER BY `main`.`Session`.`date` ASC, `main`.`Session`.`startTime` ASC LIMIT ? OFFSET ?
prisma:query SELECT `main`.`User`.`id`, `main`.`User`.`name`, `main`.`User`.`email` FROM `main`.`User` WHERE `main`.`User`.`id` IN (?) LIMIT ? OFFSET ?
prisma:query SELECT `main`.`User`.`id`, `main`.`User`.`name` FROM `main`.`User` WHERE `main`.`User`.`id` IN (?) LIMIT ? OFFSET ?
prisma:query SELECT `main`.`Group`.`id`, `main`.`Group`.`name`, `main`.`Group`.`companyId`, COALESCE(`aggr_selection_0_Student`.`_aggr_count_students`, 0) AS `_aggr_count_students` FROM `main`.`Group` LEFT JOIN (SELECT `main`.`Student`.`groupId`, COUNT(*) AS `_aggr_count_students` FROM `main`.`Student` WHERE 1=1 GROUP BY `main`.`Student`.`groupId`) AS `aggr_selection_0_Student` ON (`main`.`Group`.`id` = `aggr_selection_0_Student`.`groupId`) WHERE `main`.`Group`.`id` IN (?,?) LIMIT ? OFFSET ?
prisma:query SELECT `main`.`Company`.`id`, `main`.`Company`.`name` FROM `main`.`Company` WHERE `main`.`Company`.`id` IN (?,?) LIMIT ? OFFSET ?
prisma:query SELECT `main`.`Student`.`id`, `main`.`Student`.`studentId`, `main`.`Student`.`firstName`, `main`.`Student`.`lastName`, `main`.`Student`.`email`, `main`.`Student`.`phone`, `main`.`Student`.`idNumber`, `main`.`Student`.`progress`, `main`.`Student`.`totalCreditsEarned`, `main`.`Student`.`status`, `main`.`Student`.`createdAt`, `main`.`Student`.`updatedAt`, `main`.`Student`.`groupId`, `main`.`Student`.`facilitatorId`, `main`.`Student`.`currentModuleId` FROM `main`.`Student` WHERE `main`.`Student`.`status` = ? LIMIT ? OFFSET ?
prisma:query SELECT `main`.`Attendance`.`id`, `main`.`Attendance`.`date`, `main`.`Attendance`.`status`, `main`.`Attendance`.`notes`, `main`.`Attendance`.`markedBy`, `main`.`Attendance`.`markedAt`, `main`.`Attendance`.`qrCodeScan`, `main`.`Attendance`.`createdAt`, `main`.`Attendance`.`updatedAt`, `main`.`Attendance`.`studentId`, `main`.`Attendance`.`sessionId`, `main`.`Attendance`.`groupId` FROM `main`.`Attendance` WHERE (`main`.`Attendance`.`date` >= ? AND `main`.`Attendance`.`studentId` IN (?,?,?,?,?,?,?,?,?,?,?,?)) LIMIT ? OFFSET ?
prisma:query SELECT `main`.`Group`.`id`, `main`.`Group`.`name`, `main`.`Group`.`location`, `main`.`Group`.`address`, `main`.`Group`.`contactName`, `main`.`Group`.`contactPhone`, `main`.`Group`.`coordinator`, `main`.`Group`.`startDate`, `main`.`Group`.`endDate`, `main`.`Group`.`status`, `main`.`Group`.`notes`, `main`.`Group`.`createdAt`, `main`.`Group`.`updatedAt`, `main`.`Group`.`companyId` FROM `main`.`Group` WHERE `main`.`Group`.`id` IN (?,?,?,?,?,?,?,?,?,?) LIMIT ? OFFSET ?
 GET /api/dashboard/recent-activity 200 in 2018ms
 GET /api/dashboard/schedule 200 in 2024ms
prisma:query SELECT `main`.`Assessment`.`id`, `main`.`Assessment`.`type`, `main`.`Assessment`.`method`, `main`.`Assessment`.`result`, `main`.`Assessment`.`score`, `main`.`Assessment`.`assessedDate`, `main`.`Assessment`.`dueDate`, `main`.`Assessment`.`notes`, `main`.`Assessment`.`feedback`, `main`.`Assessment`.`moderationStatus`, `main`.`Assessment`.`moderatedBy`, `main`.`Assessment`.`moderatedDate`, `main`.`Assessment`.`moderationNotes`, `main`.`Assessment`.`attemptNumber`, `main`.`Assessment`.`createdAt`, `main`.`Assessment`.`updatedAt`, `main`.`Assessment`.`studentId`, `main`.`Assessment`.`unitStandardId` FROM `main`.`Assessment` WHERE (`main`.`Assessment`.`moderationStatus` = ? AND `main`.`Assessment`.`result` <> ?) ORDER BY `main`.`Assessment`.`assessedDate` ASC LIMIT ? OFFSET ?
prisma:query SELECT `main`.`Student`.`id`, `main`.`Student`.`studentId`, `main`.`Student`.`firstName`, `main`.`Student`.`lastName`, `main`.`Student`.`email`, `main`.`Student`.`phone`, `main`.`Student`.`idNumber`, `main`.`Student`.`progress`, `main`.`Student`.`totalCreditsEarned`, `main`.`Student`.`status`, `main`.`Student`.`createdAt`, `main`.`Student`.`updatedAt`, `main`.`Student`.`groupId`, `main`.`Student`.`facilitatorId`, `main`.`Student`.`currentModuleId` FROM `main`.`Student` WHERE `main`.`Student`.`id` IN (?) LIMIT ? OFFSET ?
prisma:query SELECT `main`.`Group`.`id`, `main`.`Group`.`name`, `main`.`Group`.`location`, `main`.`Group`.`address`, `main`.`Group`.`contactName`, `main`.`Group`.`contactPhone`, `main`.`Group`.`coordinator`, `main`.`Group`.`startDate`, `main`.`Group`.`endDate`, `main`.`Group`.`status`, `main`.`Group`.`notes`, `main`.`Group`.`createdAt`, `main`.`Group`.`updatedAt`, `main`.`Group`.`companyId` FROM `main`.`Group` WHERE `main`.`Group`.`id` IN (?) LIMIT ? OFFSET ?
prisma:query SELECT `main`.`Student`.`id`, `main`.`Student`.`studentId`, `main`.`Student`.`firstName`, `main`.`Student`.`lastName`, `main`.`Student`.`email`, `main`.`Student`.`phone`, `main`.`Student`.`idNumber`, `main`.`Student`.`progress`, `main`.`Student`.`totalCreditsEarned`, `main`.`Student`.`status`, `main`.`Student`.`createdAt`, `main`.`Student`.`updatedAt`, `main`.`Student`.`groupId`, `main`.`Student`.`facilitatorId`, `main`.`Student`.`currentModuleId` FROM `main`.`Student` WHERE (`main`.`Student`.`status` = ? AND `main`.`Student`.`progress` < ?) ORDER BY `main`.`Student`.`progress` ASC LIMIT ? OFFSET ?
prisma:query SELECT `main`.`Group`.`id`, `main`.`Group`.`name`, `main`.`Group`.`location`, `main`.`Group`.`address`, `main`.`Group`.`contactName`, `main`.`Group`.`contactPhone`, `main`.`Group`.`coordinator`, `main`.`Group`.`startDate`, `main`.`Group`.`endDate`, `main`.`Group`.`status`, `main`.`Group`.`notes`, `main`.`Group`.`createdAt`, `main`.`Group`.`updatedAt`, `main`.`Group`.`companyId` FROM `main`.`Group` WHERE `main`.`Group`.`id` IN (?,?,?,?,?) LIMIT ? OFFSET ?
prisma:query SELECT `main`.`POEChecklist`.`id`, `main`.`POEChecklist`.`module1POE`, `main`.`POEChecklist`.`module1POEDate`, `main`.`POEChecklist`.`module2POE`, `main`.`POEChecklist`.`module2POEDate`, `main`.`POEChecklist`.`module3POE`, `main`.`POEChecklist`.`module3POEDate`, `main`.`POEChecklist`.`module4POE`, `main`.`POEChecklist`.`module4POEDate`, `main`.`POEChecklist`.`module5POE`, `main`.`POEChecklist`.`module5POEDate`, `main`.`POEChecklist`.`module6POE`, `main`.`POEChecklist`.`module6POEDate`, `main`.`POEChecklist`.`assessmentsSigned`, `main`.`POEChecklist`.`assessmentsDate`, `main`.`POEChecklist`.`logbookComplete`, `main`.`POEChecklist`.`logbookSigned`, `main`.`POEChecklist`.`logbookDate`, `main`.`POEChecklist`.`idCopyPresent`, `main`.`POEChecklist`.`idCopyDate`, `main`.`POEChecklist`.`contractSigned`, `main`.`POEChecklist`.`contractDate`, `main`.`POEChecklist`.`inductionComplete`, `main`.`POEChecklist`.`inductionDate`, `main`.`POEChecklist`.`verifiedBy`, `main`.`POEChecklist`.`verifiedDate`, `main`.`POEChecklist`.`notes`, `main`.`POEChecklist`.`createdAt`, `main`.`POEChecklist`.`updatedAt`, `main`.`POEChecklist`.`studentId` FROM `main`.`POEChecklist` WHERE (`main`.`POEChecklist`.`idCopyPresent` = ? OR `main`.`POEChecklist`.`contractSigned` = ? OR `main`.`POEChecklist`.`inductionComplete` = ?) ORDER BY `main`.`POEChecklist`.`id` ASC LIMIT ? OFFSET ?
prisma:query SELECT `main`.`Group`.`id`, `main`.`Group`.`name`, `main`.`Group`.`location`, `main`.`Group`.`address`, `main`.`Group`.`contactName`, `main`.`Group`.`contactPhone`, `main`.`Group`.`coordinator`, `main`.`Group`.`startDate`, `main`.`Group`.`endDate`, `main`.`Group`.`status`, `main`.`Group`.`notes`, `main`.`Group`.`createdAt`, `main`.`Group`.`updatedAt`, `main`.`Group`.`companyId`, COALESCE(`aggr_selection_0_Student`.`_aggr_count_students`, 0) AS `_aggr_count_students` FROM `main`.`Group` LEFT JOIN (SELECT `main`.`Student`.`groupId`, COUNT(*) AS `_aggr_count_students` FROM `main`.`Student` WHERE 1=1 GROUP BY `main`.`Student`.`groupId`) AS `aggr_selection_0_Student` ON (`main`.`Group`.`id` = `aggr_selection_0_Student`.`groupId`) WHERE (`main`.`Group`.`status` = ? AND `main`.`Group`.`endDate` >= ? AND `main`.`Group`.`endDate` <= ?) LIMIT ? OFFSET ?
 GET /api/dashboard/alerts 200 in 2076ms
Middleware: Valid token for user adc25a2c-3aeb-43aa-af8f-5e2fe3028caa
 ○ Compiling /api/dashboard/charts ...
 ✓ Compiled /api/dashboard/charts in 577ms (1028 modules)
prisma:query SELECT `main`.`Attendance`.`id`, `main`.`Attendance`.`date`, `main`.`Attendance`.`status` FROM `main`.`Attendance` WHERE `main`.`Attendance`.`date` >= ? ORDER BY `main`.`Attendance`.`date` ASC LIMIT ? OFFSET ?
prisma:query SELECT `main`.`Group`.`id`, `main`.`Group`.`name`, `main`.`Group`.`location`, `main`.`Group`.`address`, `main`.`Group`.`contactName`, `main`.`Group`.`contactPhone`, `main`.`Group`.`coordinator`, `main`.`Group`.`startDate`, `main`.`Group`.`endDate`, `main`.`Group`.`status`, `main`.`Group`.`notes`, `main`.`Group`.`createdAt`, `main`.`Group`.`updatedAt`, `main`.`Group`.`companyId`, COALESCE(`aggr_selection_0_Student`.`_aggr_count_students`, 0) AS `_aggr_count_students` FROM `main`.`Group` LEFT JOIN (SELECT `main`.`Student`.`groupId`, COUNT(*) AS `_aggr_count_students` FROM `main`.`Student` WHERE 1=1 GROUP BY `main`.`Student`.`groupId`) AS `aggr_selection_0_Student` ON (`main`.`Group`.`id` = `aggr_selection_0_Student`.`groupId`) WHERE `main`.`Group`.`status` = ? LIMIT ? OFFSET ?
prisma:query SELECT `main`.`Module`.`id`, `main`.`Module`.`moduleNumber`, `main`.`Module`.`code`, `main`.`Module`.`name`, `main`.`Module`.`fullName`, `main`.`Module`.`purpose`, `main`.`Module`.`description`, `main`.`Module`.`credits`, `main`.`Module`.`notionalHours`, `main`.`Module`.`classroomHours`, `main`.`Module`.`workplaceHours`, `main`.`Module`.`order`, `main`.`Module`.`status`, `main`.`Module`.`createdAt`, `main`.`Module`.`updatedAt` FROM `main`.`Module` WHERE `main`.`Module`.`status` IN (?,?) ORDER BY `main`.`Module`.`order` ASC LIMIT ? OFFSET ?
prisma:query SELECT `main`.`ModuleProgress`.`id`, `main`.`ModuleProgress`.`status`, `main`.`ModuleProgress`.`progress`, `main`.`ModuleProgress`.`creditsEarned`, `main`.`ModuleProgress`.`startDate`, `main`.`ModuleProgress`.`completionDate`, `main`.`ModuleProgress`.`createdAt`, `main`.`ModuleProgress`.`updatedAt`, `main`.`ModuleProgress`.`studentId`, `main`.`ModuleProgress`.`moduleId` FROM `main`.`ModuleProgress` LEFT JOIN `main`.`Student` AS `j1` ON (`j1`.`id`) = (`main`.`ModuleProgress`.`studentId`) WHERE ((`j1`.`status` = ? AND (`j1`.`id` IS NOT NULL)) AND `main`.`ModuleProgress`.`moduleId` IN (?)) LIMIT ? OFFSET ?
 GET /api/dashboard/charts?range=30 200 in 715ms
Middleware: Valid token for user adc25a2c-3aeb-43aa-af8f-5e2fe3028caa
Middleware: Valid token for user adc25a2c-3aeb-43aa-af8f-5e2fe3028caa
prisma:query SELECT `main`.`Group`.`id`, `main`.`Group`.`name`, `main`.`Group`.`location`, `main`.`Group`.`address`, `main`.`Group`.`contactName`, `main`.`Group`.`contactPhone`, `main`.`Group`.`coordinator`, `main`.`Group`.`startDate`, `main`.`Group`.`endDate`, `main`.`Group`.`status`, `main`.`Group`.`notes`, `main`.`Group`.`createdAt`, `main`.`Group`.`updatedAt`, `main`.`Group`.`companyId`, COALESCE(`aggr_selection_0_Student`.`_aggr_count_students`, 0) AS `_aggr_count_students`, COALESCE(`aggr_selection_1_Session`.`_aggr_count_sessions`, 0) AS `_aggr_count_sessions` FROM `main`.`Group` LEFT JOIN (SELECT `main`.`Student`.`groupId`, COUNT(*) AS `_aggr_count_students` FROM `main`.`Student` WHERE 1=1 GROUP BY `main`.`Student`.`groupId`) AS `aggr_selection_0_Student` ON (`main`.`Group`.`id` = `aggr_selection_0_Student`.`groupId`) LEFT JOIN (SELECT `main`.`Session`.`groupId`, COUNT(*) AS `_aggr_count_sessions` FROM `main`.`Session` WHERE 1=1 GROUP BY `main`.`Session`.`groupId`) AS `aggr_selection_1_Session` ON (`main`.`Group`.`id` = `aggr_selection_1_Session`.`groupId`) WHERE 1=1 ORDER BY `main`.`Group`.`name` ASC LIMIT ? OFFSET ?
prisma:query SELECT `main`.`Company`.`id`, `main`.`Company`.`name`, `main`.`Company`.`address`, `main`.`Company`.`contactPerson`, `main`.`Company`.`email`, `main`.`Company`.`phone`, `main`.`Company`.`industry`, `main`.`Company`.`status`, `main`.`Company`.`createdAt`, `main`.`Company`.`updatedAt` FROM `main`.`Company` WHERE `main`.`Company`.`id` IN (?,?,?,?,?,?,?,?) LIMIT ? OFFSET ?
prisma:query SELECT `main`.`Student`.`id`, `main`.`Student`.`studentId`, `main`.`Student`.`firstName`, `main`.`Student`.`lastName`, `main`.`Student`.`progress`, `main`.`Student`.`status`, `main`.`Student`.`groupId` FROM `main`.`Student` WHERE `main`.`Student`.`groupId` IN (?,?,?,?,?,?,?,?,?,?) ORDER BY `main`.`Student`.`lastName` ASC LIMIT ? OFFSET ?
prisma:query SELECT `main`.`GroupRolloutPlan`.`id`, `main`.`GroupRolloutPlan`.`groupId`, `main`.`GroupRolloutPlan`.`module1StartDate`, `main`.`GroupRolloutPlan`.`module1EndDate`, `main`.`GroupRolloutPlan`.`module2StartDate`, `main`.`GroupRolloutPlan`.`module2EndDate`, `main`.`GroupRolloutPlan`.`module3StartDate`, `main`.`GroupRolloutPlan`.`module3EndDate`, `main`.`GroupRolloutPlan`.`module4StartDate`, `main`.`GroupRolloutPlan`.`module4EndDate`, `main`.`GroupRolloutPlan`.`module5StartDate`, `main`.`GroupRolloutPlan`.`module5EndDate`, `main`.`GroupRolloutPlan`.`module6StartDate`, `main`.`GroupRolloutPlan`.`module6EndDate`, `main`.`GroupRolloutPlan`.`rolloutDocPath` FROM `main`.`GroupRolloutPlan` WHERE `main`.`GroupRolloutPlan`.`groupId` IN (?,?,?,?,?,?,?,?,?,?) LIMIT ? OFFSET ?
 GET /api/groups 200 in 54ms
prisma:query SELECT `main`.`Company`.`id`, `main`.`Company`.`name`, `main`.`Company`.`address`, `main`.`Company`.`contactPerson`, `main`.`Company`.`email`, `main`.`Company`.`phone`, `main`.`Company`.`industry`, `main`.`Company`.`status`, `main`.`Company`.`createdAt`, `main`.`Company`.`updatedAt`, COALESCE(`aggr_selection_0_Group`.`_aggr_count_groups`, 0) AS `_aggr_count_groups` FROM `main`.`Company` LEFT JOIN (SELECT `main`.`Group`.`companyId`, COUNT(*) AS `_aggr_count_groups` FROM `main`.`Group` WHERE 1=1 GROUP BY `main`.`Group`.`companyId`) AS `aggr_selection_0_Group` ON (`main`.`Company`.`id` = `aggr_selection_0_Group`.`companyId`) WHERE 1=1 ORDER BY `main`.`Company`.`name` ASC LIMIT ? OFFSET ?
prisma:query SELECT `main`.`Group`.`id`, `main`.`Group`.`name`, `main`.`Group`.`status`, `main`.`Group`.`companyId` FROM `main`.`Group` WHERE `main`.`Group`.`companyId` IN (?,?,?,?,?,?,?,?) LIMIT ? OFFSET ?
 GET /api/companies 200 in 65ms
Middleware: Valid token for user adc25a2c-3aeb-43aa-af8f-5e2fe3028caa
 ○ Compiling /groups ...
 ✓ Compiled /groups in 4.1s (1942 modules)
Middleware: Valid token for user adc25a2c-3aeb-43aa-af8f-5e2fe3028caa
Middleware: Valid token for user adc25a2c-3aeb-43aa-af8f-5e2fe3028caa
 ○ Compiling /groups/[id] ...
 ✓ Compiled /groups/[id] in 4.6s (1976 modules)
Middleware: Valid token for user adc25a2c-3aeb-43aa-af8f-5e2fe3028caa
Middleware: Valid token for user adc25a2c-3aeb-43aa-af8f-5e2fe3028caa
 ○ Compiling /api/groups/[id] ...
 ✓ Compiled /api/groups/[id] in 1549ms (1056 modules)
prisma:query SELECT 1
prisma:query SELECT `main`.`Group`.`id`, `main`.`Group`.`name`, `main`.`Group`.`location`, `main`.`Group`.`address`, `main`.`Group`.`contactName`, `main`.`Group`.`contactPhone`, `main`.`Group`.`coordinator`, `main`.`Group`.`startDate`, `main`.`Group`.`endDate`, `main`.`Group`.`status`, `main`.`Group`.`notes`, `main`.`Group`.`createdAt`, `main`.`Group`.`updatedAt`, `main`.`Group`.`companyId`, COALESCE(`aggr_selection_0_Student`.`_aggr_count_students`, 0) AS `_aggr_count_students`, COALESCE(`aggr_selection_1_Session`.`_aggr_count_sessions`, 0) AS `_aggr_count_sessions` FROM `main`.`Group` LEFT JOIN (SELECT `main`.`Student`.`groupId`, COUNT(*) AS `_aggr_count_students` FROM `main`.`Student` WHERE 1=1 GROUP BY `main`.`Student`.`groupId`) AS `aggr_selection_0_Student` ON (`main`.`Group`.`id` = `aggr_selection_0_Student`.`groupId`) LEFT JOIN (SELECT `main`.`Session`.`groupId`, COUNT(*) AS `_aggr_count_sessions` FROM `main`.`Session` WHERE 1=1 GROUP BY `main`.`Session`.`groupId`) AS `aggr_selection_1_Session` ON (`main`.`Group`.`id` = `aggr_selection_1_Session`.`groupId`) WHERE (`main`.`Group`.`id` = ? AND 1=1) LIMIT ? OFFSET ?
prisma:query SELECT `main`.`Company`.`id`, `main`.`Company`.`name`, `main`.`Company`.`address`, `main`.`Company`.`contactPerson`, `main`.`Company`.`email`, `main`.`Company`.`phone`, `main`.`Company`.`industry`, `main`.`Company`.`status`, `main`.`Company`.`createdAt`, `main`.`Company`.`updatedAt` FROM `main`.`Company` WHERE `main`.`Company`.`id` IN (?) LIMIT ? OFFSET ?
prisma:query SELECT `main`.`Student`.`id`, `main`.`Student`.`firstName`, `main`.`Student`.`lastName`, `main`.`Student`.`studentId`, `main`.`Student`.`status`, `main`.`Student`.`groupId` FROM `main`.`Student` WHERE `main`.`Student`.`groupId` IN (?) LIMIT ? OFFSET ?
prisma:query SELECT `main`.`Session`.`id`, `main`.`Session`.`title`, `main`.`Session`.`module`, `main`.`Session`.`date`, `main`.`Session`.`startTime`, `main`.`Session`.`endTime`, `main`.`Session`.`notes`, `main`.`Session`.`createdAt`, `main`.`Session`.`updatedAt`, `main`.`Session`.`groupId`, `main`.`Session`.`facilitatorId` FROM `main`.`Session` WHERE `main`.`Session`.`groupId` IN (?) ORDER BY `main`.`Session`.`date` DESC LIMIT ? OFFSET ?
prisma:query SELECT `main`.`GroupRolloutPlan`.`id`, `main`.`GroupRolloutPlan`.`groupId`, `main`.`GroupRolloutPlan`.`module1StartDate`, `main`.`GroupRolloutPlan`.`module1EndDate`, `main`.`GroupRolloutPlan`.`module2StartDate`, `main`.`GroupRolloutPlan`.`module2EndDate`, `main`.`GroupRolloutPlan`.`module3StartDate`, `main`.`GroupRolloutPlan`.`module3EndDate`, `main`.`GroupRolloutPlan`.`module4StartDate`, `main`.`GroupRolloutPlan`.`module4EndDate`, `main`.`GroupRolloutPlan`.`module5StartDate`, `main`.`GroupRolloutPlan`.`module5EndDate`, `main`.`GroupRolloutPlan`.`module6StartDate`, `main`.`GroupRolloutPlan`.`module6EndDate`, `main`.`GroupRolloutPlan`.`rolloutDocPath` FROM `main`.`GroupRolloutPlan` WHERE `main`.`GroupRolloutPlan`.`groupId` IN (?) LIMIT ? OFFSET ?
prisma:query SELECT `main`.`UnitStandardRollout`.`id`, `main`.`UnitStandardRollout`.`groupId`, `main`.`UnitStandardRollout`.`unitStandardId`, `main`.`UnitStandardRollout`.`startDate`, `main`.`UnitStandardRollout`.`endDate`, `main`.`UnitStandardRollout`.`summativeDate`, `main`.`UnitStandardRollout`.`assessingDate`, `main`.`UnitStandardRollout`.`createdAt`, `main`.`UnitStandardRollout`.`updatedAt` FROM `main`.`UnitStandardRollout` WHERE `main`.`UnitStandardRollout`.`groupId` IN (?) ORDER BY `main`.`UnitStandardRollout`.`startDate` ASC LIMIT ? OFFSET ?
prisma:query SELECT `main`.`LessonPlan`.`id`, `main`.`LessonPlan`.`title`, `main`.`LessonPlan`.`description`, `main`.`LessonPlan`.`date`, `main`.`LessonPlan`.`startTime`, `main`.`LessonPlan`.`endTime`, `main`.`LessonPlan`.`venue`, `main`.`LessonPlan`.`objectives`, `main`.`LessonPlan`.`materials`, `main`.`LessonPlan`.`activities`, `main`.`LessonPlan`.`notes`, `main`.`LessonPlan`.`aiGenerated`, `main`.`LessonPlan`.`createdAt`, `main`.`LessonPlan`.`updatedAt`, `main`.`LessonPlan`.`moduleId`, `main`.`LessonPlan`.`facilitatorId`, `main`.`LessonPlan`.`groupId` FROM `main`.`LessonPlan` WHERE `main`.`LessonPlan`.`groupId` IN (?) ORDER BY `main`.`LessonPlan`.`date` ASC LIMIT ? OFFSET ?
 GET /api/groups/2da5a343-298b-4542-ac22-580f4c3ccb1d 200 in 5150ms
Middleware: Valid token for user adc25a2c-3aeb-43aa-af8f-5e2fe3028caa
prisma:query SELECT `main`.`Group`.`id`, `main`.`Group`.`name`, `main`.`Group`.`location`, `main`.`Group`.`address`, `main`.`Group`.`contactName`, `main`.`Group`.`contactPhone`, `main`.`Group`.`coordinator`, `main`.`Group`.`startDate`, `main`.`Group`.`endDate`, `main`.`Group`.`status`, `main`.`Group`.`notes`, `main`.`Group`.`createdAt`, `main`.`Group`.`updatedAt`, `main`.`Group`.`companyId`, COALESCE(`aggr_selection_0_Student`.`_aggr_count_students`, 0) AS `_aggr_count_students`, COALESCE(`aggr_selection_1_Session`.`_aggr_count_sessions`, 0) AS `_aggr_count_sessions` FROM `main`.`Group` LEFT JOIN (SELECT `main`.`Student`.`groupId`, COUNT(*) AS `_aggr_count_students` FROM `main`.`Student` WHERE 1=1 GROUP BY `main`.`Student`.`groupId`) AS `aggr_selection_0_Student` ON (`main`.`Group`.`id` = `aggr_selection_0_Student`.`groupId`) LEFT JOIN (SELECT `main`.`Session`.`groupId`, COUNT(*) AS `_aggr_count_sessions` FROM `main`.`Session` WHERE 1=1 GROUP BY `main`.`Session`.`groupId`) AS `aggr_selection_1_Session` ON (`main`.`Group`.`id` = `aggr_selection_1_Session`.`groupId`) WHERE (`main`.`Group`.`id` = ? AND 1=1) LIMIT ? OFFSET ?
prisma:query SELECT `main`.`Company`.`id`, `main`.`Company`.`name`, `main`.`Company`.`address`, `main`.`Company`.`contactPerson`, `main`.`Company`.`email`, `main`.`Company`.`phone`, `main`.`Company`.`industry`, `main`.`Company`.`status`, `main`.`Company`.`createdAt`, `main`.`Company`.`updatedAt` FROM `main`.`Company` WHERE `main`.`Company`.`id` IN (?) LIMIT ? OFFSET ?
prisma:query SELECT `main`.`Student`.`id`, `main`.`Student`.`firstName`, `main`.`Student`.`lastName`, `main`.`Student`.`studentId`, `main`.`Student`.`status`, `main`.`Student`.`groupId` FROM `main`.`Student` WHERE `main`.`Student`.`groupId` IN (?) LIMIT ? OFFSET ?
prisma:query SELECT `main`.`Session`.`id`, `main`.`Session`.`title`, `main`.`Session`.`module`, `main`.`Session`.`date`, `main`.`Session`.`startTime`, `main`.`Session`.`endTime`, `main`.`Session`.`notes`, `main`.`Session`.`createdAt`, `main`.`Session`.`updatedAt`, `main`.`Session`.`groupId`, `main`.`Session`.`facilitatorId` FROM `main`.`Session` WHERE `main`.`Session`.`groupId` IN (?) ORDER BY `main`.`Session`.`date` DESC LIMIT ? OFFSET ?
prisma:query SELECT `main`.`GroupRolloutPlan`.`id`, `main`.`GroupRolloutPlan`.`groupId`, `main`.`GroupRolloutPlan`.`module1StartDate`, `main`.`GroupRolloutPlan`.`module1EndDate`, `main`.`GroupRolloutPlan`.`module2StartDate`, `main`.`GroupRolloutPlan`.`module2EndDate`, `main`.`GroupRolloutPlan`.`module3StartDate`, `main`.`GroupRolloutPlan`.`module3EndDate`, `main`.`GroupRolloutPlan`.`module4StartDate`, `main`.`GroupRolloutPlan`.`module4EndDate`, `main`.`GroupRolloutPlan`.`module5StartDate`, `main`.`GroupRolloutPlan`.`module5EndDate`, `main`.`GroupRolloutPlan`.`module6StartDate`, `main`.`GroupRolloutPlan`.`module6EndDate`, `main`.`GroupRolloutPlan`.`rolloutDocPath` FROM `main`.`GroupRolloutPlan` WHERE `main`.`GroupRolloutPlan`.`groupId` IN (?) LIMIT ? OFFSET ?
prisma:query SELECT `main`.`UnitStandardRollout`.`id`, `main`.`UnitStandardRollout`.`groupId`, `main`.`UnitStandardRollout`.`unitStandardId`, `main`.`UnitStandardRollout`.`startDate`, `main`.`UnitStandardRollout`.`endDate`, `main`.`UnitStandardRollout`.`summativeDate`, `main`.`UnitStandardRollout`.`assessingDate`, `main`.`UnitStandardRollout`.`createdAt`, `main`.`UnitStandardRollout`.`updatedAt` FROM `main`.`UnitStandardRollout` WHERE `main`.`UnitStandardRollout`.`groupId` IN (?) ORDER BY `main`.`UnitStandardRollout`.`startDate` ASC LIMIT ? OFFSET ?
prisma:query SELECT `main`.`LessonPlan`.`id`, `main`.`LessonPlan`.`title`, `main`.`LessonPlan`.`description`, `main`.`LessonPlan`.`date`, `main`.`LessonPlan`.`startTime`, `main`.`LessonPlan`.`endTime`, `main`.`LessonPlan`.`venue`, `main`.`LessonPlan`.`objectives`, `main`.`LessonPlan`.`materials`, `main`.`LessonPlan`.`activities`, `main`.`LessonPlan`.`notes`, `main`.`LessonPlan`.`aiGenerated`, `main`.`LessonPlan`.`createdAt`, `main`.`LessonPlan`.`updatedAt`, `main`.`LessonPlan`.`moduleId`, `main`.`LessonPlan`.`facilitatorId`, `main`.`LessonPlan`.`groupId` FROM `main`.`LessonPlan` WHERE `main`.`LessonPlan`.`groupId` IN (?) ORDER BY `main`.`LessonPlan`.`date` ASC LIMIT ? OFFSET ?
 GET /api/groups/2da5a343-298b-4542-ac22-580f4c3ccb1d 200 in 212ms
Middleware: Valid token for user adc25a2c-3aeb-43aa-af8f-5e2fe3028caa
Middleware: Valid token for user adc25a2c-3aeb-43aa-af8f-5e2fe3028caa
prisma:query SELECT 1
prisma:query SELECT `main`.`Group`.`id`, `main`.`Group`.`name`, `main`.`Group`.`location`, `main`.`Group`.`address`, `main`.`Group`.`contactName`, `main`.`Group`.`contactPhone`, `main`.`Group`.`coordinator`, `main`.`Group`.`startDate`, `main`.`Group`.`endDate`, `main`.`Group`.`status`, `main`.`Group`.`notes`, `main`.`Group`.`createdAt`, `main`.`Group`.`updatedAt`, `main`.`Group`.`companyId`, COALESCE(`aggr_selection_0_Student`.`_aggr_count_students`, 0) AS `_aggr_count_students`, COALESCE(`aggr_selection_1_Session`.`_aggr_count_sessions`, 0) AS `_aggr_count_sessions` FROM `main`.`Group` LEFT JOIN (SELECT `main`.`Student`.`groupId`, COUNT(*) AS `_aggr_count_students` FROM `main`.`Student` WHERE 1=1 GROUP BY `main`.`Student`.`groupId`) AS `aggr_selection_0_Student` ON (`main`.`Group`.`id` = `aggr_selection_0_Student`.`groupId`) LEFT JOIN (SELECT `main`.`Session`.`groupId`, COUNT(*) AS `_aggr_count_sessions` FROM `main`.`Session` WHERE 1=1 GROUP BY `main`.`Session`.`groupId`) AS `aggr_selection_1_Session` ON (`main`.`Group`.`id` = `aggr_selection_1_Session`.`groupId`) WHERE (`main`.`Group`.`id` = ? AND 1=1) LIMIT ? OFFSET ?
prisma:query SELECT `main`.`Company`.`id`, `main`.`Company`.`name`, `main`.`Company`.`address`, `main`.`Company`.`contactPerson`, `main`.`Company`.`email`, `main`.`Company`.`phone`, `main`.`Company`.`industry`, `main`.`Company`.`status`, `main`.`Company`.`createdAt`, `main`.`Company`.`updatedAt` FROM `main`.`Company` WHERE `main`.`Company`.`id` IN (?) LIMIT ? OFFSET ?
prisma:query SELECT `main`.`Student`.`id`, `main`.`Student`.`firstName`, `main`.`Student`.`lastName`, `main`.`Student`.`studentId`, `main`.`Student`.`status`, `main`.`Student`.`groupId` FROM `main`.`Student` WHERE `main`.`Student`.`groupId` IN (?) LIMIT ? OFFSET ?
prisma:query SELECT `main`.`Session`.`id`, `main`.`Session`.`title`, `main`.`Session`.`module`, `main`.`Session`.`date`, `main`.`Session`.`startTime`, `main`.`Session`.`endTime`, `main`.`Session`.`notes`, `main`.`Session`.`createdAt`, `main`.`Session`.`updatedAt`, `main`.`Session`.`groupId`, `main`.`Session`.`facilitatorId` FROM `main`.`Session` WHERE `main`.`Session`.`groupId` IN (?) ORDER BY `main`.`Session`.`date` DESC LIMIT ? OFFSET ?
prisma:query SELECT `main`.`GroupRolloutPlan`.`id`, `main`.`GroupRolloutPlan`.`groupId`, `main`.`GroupRolloutPlan`.`module1StartDate`, `main`.`GroupRolloutPlan`.`module1EndDate`, `main`.`GroupRolloutPlan`.`module2StartDate`, `main`.`GroupRolloutPlan`.`module2EndDate`, `main`.`GroupRolloutPlan`.`module3StartDate`, `main`.`GroupRolloutPlan`.`module3EndDate`, `main`.`GroupRolloutPlan`.`module4StartDate`, `main`.`GroupRolloutPlan`.`module4EndDate`, `main`.`GroupRolloutPlan`.`module5StartDate`, `main`.`GroupRolloutPlan`.`module5EndDate`, `main`.`GroupRolloutPlan`.`module6StartDate`, `main`.`GroupRolloutPlan`.`module6EndDate`, `main`.`GroupRolloutPlan`.`rolloutDocPath` FROM `main`.`GroupRolloutPlan` WHERE `main`.`GroupRolloutPlan`.`groupId` IN (?) LIMIT ? OFFSET ?
prisma:query SELECT `main`.`UnitStandardRollout`.`id`, `main`.`UnitStandardRollout`.`groupId`, `main`.`UnitStandardRollout`.`unitStandardId`, `main`.`UnitStandardRollout`.`startDate`, `main`.`UnitStandardRollout`.`endDate`, `main`.`UnitStandardRollout`.`summativeDate`, `main`.`UnitStandardRollout`.`assessingDate`, `main`.`UnitStandardRollout`.`createdAt`, `main`.`UnitStandardRollout`.`updatedAt` FROM `main`.`UnitStandardRollout` WHERE `main`.`UnitStandardRollout`.`groupId` IN (?) ORDER BY `main`.`UnitStandardRollout`.`startDate` ASC LIMIT ? OFFSET ?
prisma:query SELECT `main`.`LessonPlan`.`id`, `main`.`LessonPlan`.`title`, `main`.`LessonPlan`.`description`, `main`.`LessonPlan`.`date`, `main`.`LessonPlan`.`startTime`, `main`.`LessonPlan`.`endTime`, `main`.`LessonPlan`.`venue`, `main`.`LessonPlan`.`objectives`, `main`.`LessonPlan`.`materials`, `main`.`LessonPlan`.`activities`, `main`.`LessonPlan`.`notes`, `main`.`LessonPlan`.`aiGenerated`, `main`.`LessonPlan`.`createdAt`, `main`.`LessonPlan`.`updatedAt`, `main`.`LessonPlan`.`moduleId`, `main`.`LessonPlan`.`facilitatorId`, `main`.`LessonPlan`.`groupId` FROM `main`.`LessonPlan` WHERE `main`.`LessonPlan`.`groupId` IN (?) ORDER BY `main`.`LessonPlan`.`date` ASC LIMIT ? OFFSET ?
 GET /api/groups/2da5a343-298b-4542-ac22-580f4c3ccb1d 200 in 248ms
Middleware: Valid token for user adc25a2c-3aeb-43aa-af8f-5e2fe3028caa
prisma:query SELECT `main`.`Group`.`id`, `main`.`Group`.`name`, `main`.`Group`.`location`, `main`.`Group`.`address`, `main`.`Group`.`contactName`, `main`.`Group`.`contactPhone`, `main`.`Group`.`coordinator`, `main`.`Group`.`startDate`, `main`.`Group`.`endDate`, `main`.`Group`.`status`, `main`.`Group`.`notes`, `main`.`Group`.`createdAt`, `main`.`Group`.`updatedAt`, `main`.`Group`.`companyId`, COALESCE(`aggr_selection_0_Student`.`_aggr_count_students`, 0) AS `_aggr_count_students`, COALESCE(`aggr_selection_1_Session`.`_aggr_count_sessions`, 0) AS `_aggr_count_sessions` FROM `main`.`Group` LEFT JOIN (SELECT `main`.`Student`.`groupId`, COUNT(*) AS `_aggr_count_students` FROM `main`.`Student` WHERE 1=1 GROUP BY `main`.`Student`.`groupId`) AS `aggr_selection_0_Student` ON (`main`.`Group`.`id` = `aggr_selection_0_Student`.`groupId`) LEFT JOIN (SELECT `main`.`Session`.`groupId`, COUNT(*) AS `_aggr_count_sessions` FROM `main`.`Session` WHERE 1=1 GROUP BY `main`.`Session`.`groupId`) AS `aggr_selection_1_Session` ON (`main`.`Group`.`id` = `aggr_selection_1_Session`.`groupId`) WHERE (`main`.`Group`.`id` = ? AND 1=1) LIMIT ? OFFSET ?
prisma:query SELECT `main`.`Company`.`id`, `main`.`Company`.`name`, `main`.`Company`.`address`, `main`.`Company`.`contactPerson`, `main`.`Company`.`email`, `main`.`Company`.`phone`, `main`.`Company`.`industry`, `main`.`Company`.`status`, `main`.`Company`.`createdAt`, `main`.`Company`.`updatedAt` FROM `main`.`Company` WHERE `main`.`Company`.`id` IN (?) LIMIT ? OFFSET ?
prisma:query SELECT `main`.`Student`.`id`, `main`.`Student`.`firstName`, `main`.`Student`.`lastName`, `main`.`Student`.`studentId`, `main`.`Student`.`status`, `main`.`Student`.`groupId` FROM `main`.`Student` WHERE `main`.`Student`.`groupId` IN (?) LIMIT ? OFFSET ?
prisma:query SELECT `main`.`Session`.`id`, `main`.`Session`.`title`, `main`.`Session`.`module`, `main`.`Session`.`date`, `main`.`Session`.`startTime`, `main`.`Session`.`endTime`, `main`.`Session`.`notes`, `main`.`Session`.`createdAt`, `main`.`Session`.`updatedAt`, `main`.`Session`.`groupId`, `main`.`Session`.`facilitatorId` FROM `main`.`Session` WHERE `main`.`Session`.`groupId` IN (?) ORDER BY `main`.`Session`.`date` DESC LIMIT ? OFFSET ?
prisma:query SELECT `main`.`GroupRolloutPlan`.`id`, `main`.`GroupRolloutPlan`.`groupId`, `main`.`GroupRolloutPlan`.`module1StartDate`, `main`.`GroupRolloutPlan`.`module1EndDate`, `main`.`GroupRolloutPlan`.`module2StartDate`, `main`.`GroupRolloutPlan`.`module2EndDate`, `main`.`GroupRolloutPlan`.`module3StartDate`, `main`.`GroupRolloutPlan`.`module3EndDate`, `main`.`GroupRolloutPlan`.`module4StartDate`, `main`.`GroupRolloutPlan`.`module4EndDate`, `main`.`GroupRolloutPlan`.`module5StartDate`, `main`.`GroupRolloutPlan`.`module5EndDate`, `main`.`GroupRolloutPlan`.`module6StartDate`, `main`.`GroupRolloutPlan`.`module6EndDate`, `main`.`GroupRolloutPlan`.`rolloutDocPath` FROM `main`.`GroupRolloutPlan` WHERE `main`.`GroupRolloutPlan`.`groupId` IN (?) LIMIT ? OFFSET ?
prisma:query SELECT `main`.`UnitStandardRollout`.`id`, `main`.`UnitStandardRollout`.`groupId`, `main`.`UnitStandardRollout`.`unitStandardId`, `main`.`UnitStandardRollout`.`startDate`, `main`.`UnitStandardRollout`.`endDate`, `main`.`UnitStandardRollout`.`summativeDate`, `main`.`UnitStandardRollout`.`assessingDate`, `main`.`UnitStandardRollout`.`createdAt`, `main`.`UnitStandardRollout`.`updatedAt` FROM `main`.`UnitStandardRollout` WHERE `main`.`UnitStandardRollout`.`groupId` IN (?) ORDER BY `main`.`UnitStandardRollout`.`startDate` ASC LIMIT ? OFFSET ?
prisma:query SELECT `main`.`LessonPlan`.`id`, `main`.`LessonPlan`.`title`, `main`.`LessonPlan`.`description`, `main`.`LessonPlan`.`date`, `main`.`LessonPlan`.`startTime`, `main`.`LessonPlan`.`endTime`, `main`.`LessonPlan`.`venue`, `main`.`LessonPlan`.`objectives`, `main`.`LessonPlan`.`materials`, `main`.`LessonPlan`.`activities`, `main`.`LessonPlan`.`notes`, `main`.`LessonPlan`.`aiGenerated`, `main`.`LessonPlan`.`createdAt`, `main`.`LessonPlan`.`updatedAt`, `main`.`LessonPlan`.`moduleId`, `main`.`LessonPlan`.`facilitatorId`, `main`.`LessonPlan`.`groupId` FROM `main`.`LessonPlan` WHERE `main`.`LessonPlan`.`groupId` IN (?) ORDER BY `main`.`LessonPlan`.`date` ASC LIMIT ? OFFSET ?
 GET /api/groups/2da5a343-298b-4542-ac22-580f4c3ccb1d 200 in 122ms
Middleware: Valid token for user adc25a2c-3aeb-43aa-af8f-5e2fe3028caa
 ○ Compiling /api/groups/[id]/rollout ...
 ✓ Compiled /api/groups/[id]/rollout in 615ms (955 modules)
Middleware: Valid token for user adc25a2c-3aeb-43aa-af8f-5e2fe3028caa
prisma:query SELECT 1
prisma:query INSERT INTO `main`.`GroupRolloutPlan` (`id`, `groupId`, `module1StartDate`, `module1EndDate`, `module2StartDate`, `module2EndDate`, `module3StartDate`, `module3EndDate`, `module4StartDate`, `module4EndDate`, `module5StartDate`, `module5EndDate`, `module6StartDate`, `module6EndDate`, `rolloutDocPath`) VALUES (?,?,?,?,?,?,?,?,?,?,?,?,?,?,?) ON CONFLICT  (`groupId`) DO UPDATE SET `module1StartDate` = ?, `module1EndDate` = ?, `module2StartDate` = ?, `module2EndDate` = ?, `module3StartDate` = ?, `module3EndDate` = ?, `module4StartDate` = ?, `module4EndDate` = ?, `module5StartDate` = ?, `module5EndDate` = ?, `module6StartDate` = ?, `module6EndDate` = ? WHERE (`main`.`GroupRolloutPlan`.`groupId` = ? AND 1=1) RETURNING `id` AS `id`, `groupId` AS `groupId`, `module1StartDate` AS `module1StartDate`, `module1EndDate` AS `module1EndDate`, `module2StartDate` AS `module2StartDate`, `module2EndDate` AS `module2EndDate`, `module3StartDate` AS `module3StartDate`, `module3EndDate` AS `module3EndDate`, `module4StartDate` AS `module4StartDate`, `module4EndDate` AS `module4EndDate`, `module5StartDate` AS `module5StartDate`, `module5EndDate` AS `module5EndDate`, `module6StartDate` AS `module6StartDate`, `module6EndDate` AS `module6EndDate`, `rolloutDocPath` AS `rolloutDocPath`
 POST /api/groups/2da5a343-298b-4542-ac22-580f4c3ccb1d/rollout 200 in 3428ms
prisma:query INSERT INTO `main`.`GroupRolloutPlan` (`id`, `groupId`, `module1StartDate`, `module1EndDate`, `module2StartDate`, `module2EndDate`, `module3StartDate`, `module3EndDate`, `module4StartDate`, `module4EndDate`, `module5StartDate`, `module5EndDate`, `module6StartDate`, `module6EndDate`, `rolloutDocPath`) VALUES (?,?,?,?,?,?,?,?,?,?,?,?,?,?,?) ON CONFLICT  (`groupId`) DO UPDATE SET `module1StartDate` = ?, `module1EndDate` = ?, `module2StartDate` = ?, `module2EndDate` = ?, `module3StartDate` = ?, `module3EndDate` = ?, `module4StartDate` = ?, `module4EndDate` = ?, `module5StartDate` = ?, `module5EndDate` = ?, `module6StartDate` = ?, `module6EndDate` = ? WHERE (`main`.`GroupRolloutPlan`.`groupId` = ? AND 1=1) RETURNING `id` AS `id`, `groupId` AS `groupId`, `module1StartDate` AS `module1StartDate`, `module1EndDate` AS `module1EndDate`, `module2StartDate` AS `module2StartDate`, `module2EndDate` AS `module2EndDate`, `module3StartDate` AS `module3StartDate`, `module3EndDate` AS `module3EndDate`, `module4StartDate` AS `module4StartDate`, `module4EndDate` AS `module4EndDate`, `module5StartDate` AS `module5StartDate`, `module5EndDate` AS `module5EndDate`, `module6StartDate` AS `module6StartDate`, `module6EndDate` AS `module6EndDate`, `rolloutDocPath` AS `rolloutDocPath`
 POST /api/groups/2da5a343-298b-4542-ac22-580f4c3ccb1d/rollout 200 in 2223ms
Middleware: Valid token for user adc25a2c-3aeb-43aa-af8f-5e2fe3028caa
Middleware: Valid token for user adc25a2c-3aeb-43aa-af8f-5e2fe3028caa
 ✓ Compiled /api/companies in 505ms (957 modules)
 ✓ Compiled (959 modules)
prisma:query SELECT `main`.`Company`.`id`, `main`.`Company`.`name`, `main`.`Company`.`address`, `main`.`Company`.`contactPerson`, `main`.`Company`.`email`, `main`.`Company`.`phone`, `main`.`Company`.`industry`, `main`.`Company`.`status`, `main`.`Company`.`createdAt`, `main`.`Company`.`updatedAt`, COALESCE(`aggr_selection_0_Group`.`_aggr_count_groups`, 0) AS `_aggr_count_groups` FROM `main`.`Company` LEFT JOIN (SELECT `main`.`Group`.`companyId`, COUNT(*) AS `_aggr_count_groups` FROM `main`.`Group` WHERE 1=1 GROUP BY `main`.`Group`.`companyId`) AS `aggr_selection_0_Group` ON (`main`.`Company`.`id` = `aggr_selection_0_Group`.`companyId`) WHERE 1=1 ORDER BY `main`.`Company`.`name` ASC LIMIT ? OFFSET ?
prisma:query SELECT `main`.`Group`.`id`, `main`.`Group`.`name`, `main`.`Group`.`status`, `main`.`Group`.`companyId` FROM `main`.`Group` WHERE `main`.`Group`.`companyId` IN (?,?,?,?,?,?,?,?) LIMIT ? OFFSET ?
 GET /api/companies 200 in 1155ms
prisma:query SELECT `main`.`Group`.`id`, `main`.`Group`.`name`, `main`.`Group`.`location`, `main`.`Group`.`address`, `main`.`Group`.`contactName`, `main`.`Group`.`contactPhone`, `main`.`Group`.`coordinator`, `main`.`Group`.`startDate`, `main`.`Group`.`endDate`, `main`.`Group`.`status`, `main`.`Group`.`notes`, `main`.`Group`.`createdAt`, `main`.`Group`.`updatedAt`, `main`.`Group`.`companyId`, COALESCE(`aggr_selection_0_Student`.`_aggr_count_students`, 0) AS `_aggr_count_students`, COALESCE(`aggr_selection_1_Session`.`_aggr_count_sessions`, 0) AS `_aggr_count_sessions` FROM `main`.`Group` LEFT JOIN (SELECT `main`.`Student`.`groupId`, COUNT(*) AS `_aggr_count_students` FROM `main`.`Student` WHERE 1=1 GROUP BY `main`.`Student`.`groupId`) AS `aggr_selection_0_Student` ON (`main`.`Group`.`id` = `aggr_selection_0_Student`.`groupId`) LEFT JOIN (SELECT `main`.`Session`.`groupId`, COUNT(*) AS `_aggr_count_sessions` FROM `main`.`Session` WHERE 1=1 GROUP BY `main`.`Session`.`groupId`) AS `aggr_selection_1_Session` ON (`main`.`Group`.`id` = `aggr_selection_1_Session`.`groupId`) WHERE 1=1 ORDER BY `main`.`Group`.`name` ASC LIMIT ? OFFSET ?
prisma:query SELECT `main`.`Company`.`id`, `main`.`Company`.`name`, `main`.`Company`.`address`, `main`.`Company`.`contactPerson`, `main`.`Company`.`email`, `main`.`Company`.`phone`, `main`.`Company`.`industry`, `main`.`Company`.`status`, `main`.`Company`.`createdAt`, `main`.`Company`.`updatedAt` FROM `main`.`Company` WHERE `main`.`Company`.`id` IN (?,?,?,?,?,?,?,?) LIMIT ? OFFSET ?
prisma:query SELECT `main`.`Student`.`id`, `main`.`Student`.`studentId`, `main`.`Student`.`firstName`, `main`.`Student`.`lastName`, `main`.`Student`.`progress`, `main`.`Student`.`status`, `main`.`Student`.`groupId` FROM `main`.`Student` WHERE `main`.`Student`.`groupId` IN (?,?,?,?,?,?,?,?,?,?) ORDER BY `main`.`Student`.`lastName` ASC LIMIT ? OFFSET ?
prisma:query SELECT `main`.`GroupRolloutPlan`.`id`, `main`.`GroupRolloutPlan`.`groupId`, `main`.`GroupRolloutPlan`.`module1StartDate`, `main`.`GroupRolloutPlan`.`module1EndDate`, `main`.`GroupRolloutPlan`.`module2StartDate`, `main`.`GroupRolloutPlan`.`module2EndDate`, `main`.`GroupRolloutPlan`.`module3StartDate`, `main`.`GroupRolloutPlan`.`module3EndDate`, `main`.`GroupRolloutPlan`.`module4StartDate`, `main`.`GroupRolloutPlan`.`module4EndDate`, `main`.`GroupRolloutPlan`.`module5StartDate`, `main`.`GroupRolloutPlan`.`module5EndDate`, `main`.`GroupRolloutPlan`.`module6StartDate`, `main`.`GroupRolloutPlan`.`module6EndDate`, `main`.`GroupRolloutPlan`.`rolloutDocPath` FROM `main`.`GroupRolloutPlan` WHERE `main`.`GroupRolloutPlan`.`groupId` IN (?,?,?,?,?,?,?,?,?,?) LIMIT ? OFFSET ?
 GET /api/groups 200 in 1175ms
Middleware: Valid token for user adc25a2c-3aeb-43aa-af8f-5e2fe3028caa
 ○ Compiling /students ...
 ✓ Compiled /students in 2s (1922 modules)
Middleware: Valid token for user adc25a2c-3aeb-43aa-af8f-5e2fe3028caa
Middleware: Valid token for user adc25a2c-3aeb-43aa-af8f-5e2fe3028caa
Middleware: Valid token for user adc25a2c-3aeb-43aa-af8f-5e2fe3028caa
 ○ Compiling /api/modules ...
 ✓ Compiled /api/modules in 1223ms (1057 modules)
 ✓ Compiled (1059 modules)
prisma:query SELECT `main`.`Student`.`id`, `main`.`Student`.`studentId`, `main`.`Student`.`firstName`, `main`.`Student`.`lastName`, `main`.`Student`.`email`, `main`.`Student`.`phone`, `main`.`Student`.`idNumber`, `main`.`Student`.`progress`, `main`.`Student`.`totalCreditsEarned`, `main`.`Student`.`status`, `main`.`Student`.`createdAt`, `main`.`Student`.`updatedAt`, `main`.`Student`.`groupId`, `main`.`Student`.`facilitatorId`, `main`.`Student`.`currentModuleId` FROM `main`.`Student` WHERE 1=1 ORDER BY `main`.`Student`.`createdAt` DESC LIMIT ? OFFSET ?
prisma:query SELECT `main`.`Group`.`id`, `main`.`Group`.`name`, `main`.`Group`.`location`, `main`.`Group`.`address`, `main`.`Group`.`contactName`, `main`.`Group`.`contactPhone`, `main`.`Group`.`coordinator`, `main`.`Group`.`startDate`, `main`.`Group`.`endDate`, `main`.`Group`.`status`, `main`.`Group`.`notes`, `main`.`Group`.`createdAt`, `main`.`Group`.`updatedAt`, `main`.`Group`.`companyId` FROM `main`.`Group` WHERE `main`.`Group`.`id` IN (?,?,?,?,?,?,?,?,?,?) LIMIT ? OFFSET ?
prisma:query SELECT `main`.`Company`.`id`, `main`.`Company`.`name`, `main`.`Company`.`address`, `main`.`Company`.`contactPerson`, `main`.`Company`.`email`, `main`.`Company`.`phone`, `main`.`Company`.`industry`, `main`.`Company`.`status`, `main`.`Company`.`createdAt`, `main`.`Company`.`updatedAt` FROM `main`.`Company` WHERE `main`.`Company`.`id` IN (?,?,?,?,?,?,?,?) LIMIT ? OFFSET ?
prisma:query SELECT `main`.`User`.`id`, `main`.`User`.`name`, `main`.`User`.`email` FROM `main`.`User` WHERE `main`.`User`.`id` IN (?) LIMIT ? OFFSET ?
prisma:query SELECT 1
 GET /api/students 200 in 2084ms
prisma:query SELECT `main`.`Module`.`id`, `main`.`Module`.`moduleNumber`, `main`.`Module`.`code`, `main`.`Module`.`name`, `main`.`Module`.`fullName`, `main`.`Module`.`purpose`, `main`.`Module`.`description`, `main`.`Module`.`credits`, `main`.`Module`.`notionalHours`, `main`.`Module`.`classroomHours`, `main`.`Module`.`workplaceHours`, `main`.`Module`.`order`, `main`.`Module`.`status`, `main`.`Module`.`createdAt`, `main`.`Module`.`updatedAt`, COALESCE(`aggr_selection_0_UnitStandard`.`_aggr_count_unitStandards`, 0) AS `_aggr_count_unitStandards`, COALESCE(`aggr_selection_1_Student`.`_aggr_count_students`, 0) AS `_aggr_count_students`, COALESCE(`aggr_selection_2_ModuleProgress`.`_aggr_count_progress`, 0) AS `_aggr_count_progress` FROM `main`.`Module` LEFT JOIN (SELECT `main`.`UnitStandard`.`moduleId`, COUNT(*) AS `_aggr_count_unitStandards` FROM `main`.`UnitStandard` WHERE 1=1 GROUP BY `main`.`UnitStandard`.`moduleId`) AS `aggr_selection_0_UnitStandard` ON (`main`.`Module`.`id` = `aggr_selection_0_UnitStandard`.`moduleId`) LEFT JOIN (SELECT `main`.`Student`.`currentModuleId`, COUNT(*) AS `_aggr_count_students` FROM `main`.`Student` WHERE 1=1 GROUP BY `main`.`Student`.`currentModuleId`) AS `aggr_selection_1_Student` ON (`main`.`Module`.`id` = `aggr_selection_1_Student`.`currentModuleId`) LEFT JOIN (SELECT `main`.`ModuleProgress`.`moduleId`, COUNT(*) AS `_aggr_count_progress` FROM `main`.`ModuleProgress` WHERE 1=1 GROUP BY `main`.`ModuleProgress`.`moduleId`) AS `aggr_selection_2_ModuleProgress` ON (`main`.`Module`.`id` = `aggr_selection_2_ModuleProgress`.`moduleId`) WHERE 1=1 ORDER BY `main`.`Module`.`moduleNumber` ASC LIMIT ? OFFSET ?
 GET /api/modules 200 in 2093ms
Middleware: Valid token for user adc25a2c-3aeb-43aa-af8f-5e2fe3028caa
 ○ Compiling /api/attendance/rates ...
 ✓ Compiled /api/attendance/rates in 796ms (1062 modules)
prisma:query SELECT `main`.`Attendance`.`id`, `main`.`Attendance`.`studentId`, `main`.`Attendance`.`status` FROM `main`.`Attendance` WHERE `main`.`Attendance`.`studentId` IN (?,?,?,?,?,?,?,?,?,?,?,?) LIMIT ? OFFSET ?
 GET /api/attendance/rates?studentIds=7ca3136d-4bca-4d8f-9c3b-5f9335f5295e,23f02446-b0ea-44b2-8418-ca57cea1c8a0,20cce747-081a-406b-a3d7-259ec3bd5848,0770a332-04df-4311-85d0-bde4624a8030,fe7034f2-f189-4bd1-a841-e02dd8648b9a,d8c62210-c072-42ec-9eef-b377d391b350,42bb19bf-5097-4482-bef4-cb61f458b0c6,dc6a43dd-539b-45dd-a5c1-a9ef0f2cff7a,8d84fbfd-2415-4529-baa1-1bcaad8bfe08,c3a358a8-f769-4a16-bf40-9d0539e4e5d0,d802f20f-afd7-433c-b4c8-ddbfdeda9559,5a5d92f4-9bf7-48cb-9d7c-da1514bafaa3 200 in 953ms
Middleware: Valid token for user adc25a2c-3aeb-43aa-af8f-5e2fe3028caa
Middleware: Valid token for user adc25a2c-3aeb-43aa-af8f-5e2fe3028caa
Middleware: Valid token for user adc25a2c-3aeb-43aa-af8f-5e2fe3028caa
Middleware: Valid token for user adc25a2c-3aeb-43aa-af8f-5e2fe3028caa
prisma:query SELECT 1
prisma:query SELECT `main`.`Group`.`id`, `main`.`Group`.`name`, `main`.`Group`.`location`, `main`.`Group`.`address`, `main`.`Group`.`contactName`, `main`.`Group`.`contactPhone`, `main`.`Group`.`coordinator`, `main`.`Group`.`startDate`, `main`.`Group`.`endDate`, `main`.`Group`.`status`, `main`.`Group`.`notes`, `main`.`Group`.`createdAt`, `main`.`Group`.`updatedAt`, `main`.`Group`.`companyId`, COALESCE(`aggr_selection_0_Student`.`_aggr_count_students`, 0) AS `_aggr_count_students`, COALESCE(`aggr_selection_1_Session`.`_aggr_count_sessions`, 0) AS `_aggr_count_sessions` FROM `main`.`Group` LEFT JOIN (SELECT `main`.`Student`.`groupId`, COUNT(*) AS `_aggr_count_students` FROM `main`.`Student` WHERE 1=1 GROUP BY `main`.`Student`.`groupId`) AS `aggr_selection_0_Student` ON (`main`.`Group`.`id` = `aggr_selection_0_Student`.`groupId`) LEFT JOIN (SELECT `main`.`Session`.`groupId`, COUNT(*) AS `_aggr_count_sessions` FROM `main`.`Session` WHERE 1=1 GROUP BY `main`.`Session`.`groupId`) AS `aggr_selection_1_Session` ON (`main`.`Group`.`id` = `aggr_selection_1_Session`.`groupId`) WHERE 1=1 ORDER BY `main`.`Group`.`name` ASC LIMIT ? OFFSET ?
prisma:query SELECT `main`.`Company`.`id`, `main`.`Company`.`name`, `main`.`Company`.`address`, `main`.`Company`.`contactPerson`, `main`.`Company`.`email`, `main`.`Company`.`phone`, `main`.`Company`.`industry`, `main`.`Company`.`status`, `main`.`Company`.`createdAt`, `main`.`Company`.`updatedAt` FROM `main`.`Company` WHERE `main`.`Company`.`id` IN (?,?,?,?,?,?,?,?) LIMIT ? OFFSET ?
prisma:query SELECT `main`.`Student`.`id`, `main`.`Student`.`studentId`, `main`.`Student`.`firstName`, `main`.`Student`.`lastName`, `main`.`Student`.`progress`, `main`.`Student`.`status`, `main`.`Student`.`groupId` FROM `main`.`Student` WHERE `main`.`Student`.`groupId` IN (?,?,?,?,?,?,?,?,?,?) ORDER BY `main`.`Student`.`lastName` ASC LIMIT ? OFFSET ?
prisma:query SELECT `main`.`GroupRolloutPlan`.`id`, `main`.`GroupRolloutPlan`.`groupId`, `main`.`GroupRolloutPlan`.`module1StartDate`, `main`.`GroupRolloutPlan`.`module1EndDate`, `main`.`GroupRolloutPlan`.`module2StartDate`, `main`.`GroupRolloutPlan`.`module2EndDate`, `main`.`GroupRolloutPlan`.`module3StartDate`, `main`.`GroupRolloutPlan`.`module3EndDate`, `main`.`GroupRolloutPlan`.`module4StartDate`, `main`.`GroupRolloutPlan`.`module4EndDate`, `main`.`GroupRolloutPlan`.`module5StartDate`, `main`.`GroupRolloutPlan`.`module5EndDate`, `main`.`GroupRolloutPlan`.`module6StartDate`, `main`.`GroupRolloutPlan`.`module6EndDate`, `main`.`GroupRolloutPlan`.`rolloutDocPath` FROM `main`.`GroupRolloutPlan` WHERE `main`.`GroupRolloutPlan`.`groupId` IN (?,?,?,?,?,?,?,?,?,?) LIMIT ? OFFSET ?
 GET /api/groups 200 in 201ms
prisma:query SELECT `main`.`Module`.`id`, `main`.`Module`.`moduleNumber`, `main`.`Module`.`code`, `main`.`Module`.`name`, `main`.`Module`.`fullName`, `main`.`Module`.`purpose`, `main`.`Module`.`description`, `main`.`Module`.`credits`, `main`.`Module`.`notionalHours`, `main`.`Module`.`classroomHours`, `main`.`Module`.`workplaceHours`, `main`.`Module`.`order`, `main`.`Module`.`status`, `main`.`Module`.`createdAt`, `main`.`Module`.`updatedAt`, COALESCE(`aggr_selection_0_UnitStandard`.`_aggr_count_unitStandards`, 0) AS `_aggr_count_unitStandards`, COALESCE(`aggr_selection_1_Student`.`_aggr_count_students`, 0) AS `_aggr_count_students`, COALESCE(`aggr_selection_2_ModuleProgress`.`_aggr_count_progress`, 0) AS `_aggr_count_progress` FROM `main`.`Module` LEFT JOIN (SELECT `main`.`UnitStandard`.`moduleId`, COUNT(*) AS `_aggr_count_unitStandards` FROM `main`.`UnitStandard` WHERE 1=1 GROUP BY `main`.`UnitStandard`.`moduleId`) AS `aggr_selection_0_UnitStandard` ON (`main`.`Module`.`id` = `aggr_selection_0_UnitStandard`.`moduleId`) LEFT JOIN (SELECT `main`.`Student`.`currentModuleId`, COUNT(*) AS `_aggr_count_students` FROM `main`.`Student` WHERE 1=1 GROUP BY `main`.`Student`.`currentModuleId`) AS `aggr_selection_1_Student` ON (`main`.`Module`.`id` = `aggr_selection_1_Student`.`currentModuleId`) LEFT JOIN (SELECT `main`.`ModuleProgress`.`moduleId`, COUNT(*) AS `_aggr_count_progress` FROM `main`.`ModuleProgress` WHERE 1=1 GROUP BY `main`.`ModuleProgress`.`moduleId`) AS `aggr_selection_2_ModuleProgress` ON (`main`.`Module`.`id` = `aggr_selection_2_ModuleProgress`.`moduleId`) WHERE 1=1 ORDER BY `main`.`Module`.`moduleNumber` ASC LIMIT ? OFFSET ?
prisma:query SELECT `main`.`Student`.`id`, `main`.`Student`.`studentId`, `main`.`Student`.`firstName`, `main`.`Student`.`lastName`, `main`.`Student`.`email`, `main`.`Student`.`phone`, `main`.`Student`.`idNumber`, `main`.`Student`.`progress`, `main`.`Student`.`totalCreditsEarned`, `main`.`Student`.`status`, `main`.`Student`.`createdAt`, `main`.`Student`.`updatedAt`, `main`.`Student`.`groupId`, `main`.`Student`.`facilitatorId`, `main`.`Student`.`currentModuleId` FROM `main`.`Student` WHERE 1=1 ORDER BY `main`.`Student`.`createdAt` DESC LIMIT ? OFFSET ?
prisma:query SELECT `main`.`Group`.`id`, `main`.`Group`.`name`, `main`.`Group`.`location`, `main`.`Group`.`address`, `main`.`Group`.`contactName`, `main`.`Group`.`contactPhone`, `main`.`Group`.`coordinator`, `main`.`Group`.`startDate`, `main`.`Group`.`endDate`, `main`.`Group`.`status`, `main`.`Group`.`notes`, `main`.`Group`.`createdAt`, `main`.`Group`.`updatedAt`, `main`.`Group`.`companyId` FROM `main`.`Group` WHERE `main`.`Group`.`id` IN (?,?,?,?,?,?,?,?,?,?) LIMIT ? OFFSET ?
prisma:query SELECT `main`.`Company`.`id`, `main`.`Company`.`name`, `main`.`Company`.`address`, `main`.`Company`.`contactPerson`, `main`.`Company`.`email`, `main`.`Company`.`phone`, `main`.`Company`.`industry`, `main`.`Company`.`status`, `main`.`Company`.`createdAt`, `main`.`Company`.`updatedAt` FROM `main`.`Company` WHERE `main`.`Company`.`id` IN (?,?,?,?,?,?,?,?) LIMIT ? OFFSET ?
prisma:query SELECT `main`.`User`.`id`, `main`.`User`.`name`, `main`.`User`.`email` FROM `main`.`User` WHERE `main`.`User`.`id` IN (?) LIMIT ? OFFSET ?
prisma:query SELECT `main`.`Company`.`id`, `main`.`Company`.`name`, `main`.`Company`.`address`, `main`.`Company`.`contactPerson`, `main`.`Company`.`email`, `main`.`Company`.`phone`, `main`.`Company`.`industry`, `main`.`Company`.`status`, `main`.`Company`.`createdAt`, `main`.`Company`.`updatedAt`, COALESCE(`aggr_selection_0_Group`.`_aggr_count_groups`, 0) AS `_aggr_count_groups` FROM `main`.`Company` LEFT JOIN (SELECT `main`.`Group`.`companyId`, COUNT(*) AS `_aggr_count_groups` FROM `main`.`Group` WHERE 1=1 GROUP BY `main`.`Group`.`companyId`) AS `aggr_selection_0_Group` ON (`main`.`Company`.`id` = `aggr_selection_0_Group`.`companyId`) WHERE 1=1 ORDER BY `main`.`Company`.`name` ASC LIMIT ? OFFSET ?
 GET /api/modules 200 in 282ms
 GET /api/students 200 in 308ms
prisma:query SELECT `main`.`Group`.`id`, `main`.`Group`.`name`, `main`.`Group`.`status`, `main`.`Group`.`companyId` FROM `main`.`Group` WHERE `main`.`Group`.`companyId` IN (?,?,?,?,?,?,?,?) LIMIT ? OFFSET ?
 GET /api/companies 200 in 327ms
Middleware: Valid token for user adc25a2c-3aeb-43aa-af8f-5e2fe3028caa
 ○ Compiling /timetable ...
 ✓ Compiled /timetable in 3.7s (2034 modules)
Middleware: Valid token for user adc25a2c-3aeb-43aa-af8f-5e2fe3028caa
Middleware: Valid token for user adc25a2c-3aeb-43aa-af8f-5e2fe3028caa
Middleware: Valid token for user adc25a2c-3aeb-43aa-af8f-5e2fe3028caa
Middleware: Valid token for user adc25a2c-3aeb-43aa-af8f-5e2fe3028caa
 ○ Compiling /api/group-schedules ...
 ✓ Compiled /api/group-schedules in 1033ms (1081 modules)
 ✓ Compiled (1085 modules)
prisma:query SELECT `main`.`GroupSchedule`.`id`, `main`.`GroupSchedule`.`startDate`, `main`.`GroupSchedule`.`endDate`, `main`.`GroupSchedule`.`createdAt`, `main`.`GroupSchedule`.`updatedAt`, `main`.`GroupSchedule`.`groupId`, `main`.`GroupSchedule`.`templateId` FROM `main`.`GroupSchedule` WHERE 1=1 ORDER BY `main`.`GroupSchedule`.`startDate` DESC LIMIT ? OFFSET ?
 GET /api/group-schedules?groupId=all 200 in 2532ms
prisma:query SELECT `main`.`LessonPlan`.`id`, `main`.`LessonPlan`.`title`, `main`.`LessonPlan`.`description`, `main`.`LessonPlan`.`date`, `main`.`LessonPlan`.`startTime`, `main`.`LessonPlan`.`endTime`, `main`.`LessonPlan`.`venue`, `main`.`LessonPlan`.`objectives`, `main`.`LessonPlan`.`materials`, `main`.`LessonPlan`.`activities`, `main`.`LessonPlan`.`notes`, `main`.`LessonPlan`.`aiGenerated`, `main`.`LessonPlan`.`createdAt`, `main`.`LessonPlan`.`updatedAt`, `main`.`LessonPlan`.`moduleId`, `main`.`LessonPlan`.`facilitatorId`, `main`.`LessonPlan`.`groupId` FROM `main`.`LessonPlan` WHERE (`main`.`LessonPlan`.`date` >= ? AND `main`.`LessonPlan`.`date` <= ?) ORDER BY `main`.`LessonPlan`.`date` ASC, `main`.`LessonPlan`.`startTime` ASC LIMIT ? OFFSET ?
 GET /api/timetable?startDate=2026-02-09&endDate=2026-02-15 200 in 2643ms
 GET /api/recurring-sessions?startDate=2026-02-09&endDate=2026-02-15 200 in 2545ms
Middleware: Valid token for user adc25a2c-3aeb-43aa-af8f-5e2fe3028caa
 ○ Compiling /assessments ...
 ✓ Compiled /assessments in 6.7s (2073 modules)
Middleware: Valid token for user adc25a2c-3aeb-43aa-af8f-5e2fe3028caa
Middleware: Valid token for user adc25a2c-3aeb-43aa-af8f-5e2fe3028caa
Middleware: Valid token for user adc25a2c-3aeb-43aa-af8f-5e2fe3028caa
Middleware: Valid token for user adc25a2c-3aeb-43aa-af8f-5e2fe3028caa
Middleware: Valid token for user adc25a2c-3aeb-43aa-af8f-5e2fe3028caa
Middleware: Valid token for user adc25a2c-3aeb-43aa-af8f-5e2fe3028caa
 ○ Compiling /api/assessments ...
 ✓ Compiled /api/assessments in 990ms (1105 modules)
 ✓ Compiled (1111 modules)
 GET /api/assessments/templates 200 in 2298ms
prisma:query SELECT 1
prisma:query SELECT `main`.`Module`.`id`, `main`.`Module`.`moduleNumber`, `main`.`Module`.`code`, `main`.`Module`.`name`, `main`.`Module`.`fullName`, `main`.`Module`.`purpose`, `main`.`Module`.`description`, `main`.`Module`.`credits`, `main`.`Module`.`notionalHours`, `main`.`Module`.`classroomHours`, `main`.`Module`.`workplaceHours`, `main`.`Module`.`order`, `main`.`Module`.`status`, `main`.`Module`.`createdAt`, `main`.`Module`.`updatedAt` FROM `main`.`Module` WHERE (`main`.`Module`.`status` = ? OR `main`.`Module`.`status` = ? OR `main`.`Module`.`status` = ?) ORDER BY `main`.`Module`.`order` ASC LIMIT ? OFFSET ?
prisma:query SELECT `main`.`UnitStandard`.`id`, `main`.`UnitStandard`.`code`, `main`.`UnitStandard`.`title`, `main`.`UnitStandard`.`credits`, `main`.`UnitStandard`.`level`, `main`.`UnitStandard`.`type`, `main`.`UnitStandard`.`content`, `main`.`UnitStandard`.`createdAt`, `main`.`UnitStandard`.`updatedAt`, `main`.`UnitStandard`.`moduleId` FROM `main`.`UnitStandard` WHERE `main`.`UnitStandard`.`moduleId` IN (?,?,?,?,?,?) LIMIT ? OFFSET ?
prisma:query SELECT `main`.`Activity`.`id`, `main`.`Activity`.`description`, `main`.`Activity`.`duration`, `main`.`Activity`.`resources`, `main`.`Activity`.`assessmentType`, `main`.`Activity`.`createdAt`, `main`.`Activity`.`updatedAt`, `main`.`Activity`.`unitStandardId` FROM `main`.`Activity` WHERE `main`.`Activity`.`unitStandardId` IN (?,?,?,?,?,?,?,?,?,?,?,?,?,?,?,?,?,?,?,?,?,?,?,?,?,?) LIMIT ? OFFSET ?
prisma:query SELECT `main`.`CurriculumDocument`.`id`, `main`.`CurriculumDocument`.`title`, `main`.`CurriculumDocument`.`fileName`, `main`.`CurriculumDocument`.`fileSize`, `main`.`CurriculumDocument`.`fileType`, `main`.`CurriculumDocument`.`filePath`, `main`.`CurriculumDocument`.`description`, `main`.`CurriculumDocument`.`category`, `main`.`CurriculumDocument`.`version`, `main`.`CurriculumDocument`.`uploadedAt`, `main`.`CurriculumDocument`.`moduleId` FROM `main`.`CurriculumDocument` WHERE `main`.`CurriculumDocument`.`moduleId` IN (?,?,?,?,?,?) LIMIT ? OFFSET ?
prisma:query SELECT `main`.`FormativeAssessment`.`id`, `main`.`FormativeAssessment`.`code`, `main`.`FormativeAssessment`.`title`, `main`.`FormativeAssessment`.`description`, `main`.`FormativeAssessment`.`documentPath`, `main`.`FormativeAssessment`.`questions`, `main`.`FormativeAssessment`.`passingScore`, `main`.`FormativeAssessment`.`order`, `main`.`FormativeAssessment`.`createdAt`, `main`.`FormativeAssessment`.`updatedAt`, `main`.`FormativeAssessment`.`moduleId`, `main`.`FormativeAssessment`.`unitStandardId` FROM `main`.`FormativeAssessment` WHERE 1=1 ORDER BY `main`.`FormativeAssessment`.`order` ASC LIMIT ? OFFSET ?
prisma:query SELECT `main`.`Student`.`id`, `main`.`Student`.`studentId`, `main`.`Student`.`firstName`, `main`.`Student`.`lastName`, `main`.`Student`.`email`, `main`.`Student`.`phone`, `main`.`Student`.`idNumber`, `main`.`Student`.`progress`, `main`.`Student`.`totalCreditsEarned`, `main`.`Student`.`status`, `main`.`Student`.`createdAt`, `main`.`Student`.`updatedAt`, `main`.`Student`.`groupId`, `main`.`Student`.`facilitatorId`, `main`.`Student`.`currentModuleId` FROM `main`.`Student` WHERE 1=1 ORDER BY `main`.`Student`.`createdAt` DESC LIMIT ? OFFSET ?
prisma:query SELECT `main`.`Group`.`id`, `main`.`Group`.`name`, `main`.`Group`.`location`, `main`.`Group`.`address`, `main`.`Group`.`contactName`, `main`.`Group`.`contactPhone`, `main`.`Group`.`coordinator`, `main`.`Group`.`startDate`, `main`.`Group`.`endDate`, `main`.`Group`.`status`, `main`.`Group`.`notes`, `main`.`Group`.`createdAt`, `main`.`Group`.`updatedAt`, `main`.`Group`.`companyId` FROM `main`.`Group` WHERE `main`.`Group`.`id` IN (?,?,?,?,?,?,?,?,?,?) LIMIT ? OFFSET ?
prisma:query SELECT `main`.`Company`.`id`, `main`.`Company`.`name`, `main`.`Company`.`address`, `main`.`Company`.`contactPerson`, `main`.`Company`.`email`, `main`.`Company`.`phone`, `main`.`Company`.`industry`, `main`.`Company`.`status`, `main`.`Company`.`createdAt`, `main`.`Company`.`updatedAt` FROM `main`.`Company` WHERE `main`.`Company`.`id` IN (?,?,?,?,?,?,?,?) LIMIT ? OFFSET ?
prisma:query SELECT `main`.`User`.`id`, `main`.`User`.`name`, `main`.`User`.`email` FROM `main`.`User` WHERE `main`.`User`.`id` IN (?) LIMIT ? OFFSET ?
 GET /api/curriculum 200 in 2466ms
 GET /api/formatives 200 in 2488ms
 GET /api/students 200 in 2521ms
prisma:query SELECT `main`.`Assessment`.`id`, `main`.`Assessment`.`type`, `main`.`Assessment`.`method`, `main`.`Assessment`.`result`, `main`.`Assessment`.`score`, `main`.`Assessment`.`assessedDate`, `main`.`Assessment`.`dueDate`, `main`.`Assessment`.`notes`, `main`.`Assessment`.`feedback`, `main`.`Assessment`.`moderationStatus`, `main`.`Assessment`.`moderatedBy`, `main`.`Assessment`.`moderatedDate`, `main`.`Assessment`.`moderationNotes`, `main`.`Assessment`.`attemptNumber`, `main`.`Assessment`.`createdAt`, `main`.`Assessment`.`updatedAt`, `main`.`Assessment`.`studentId`, `main`.`Assessment`.`unitStandardId` FROM `main`.`Assessment` WHERE 1=1 ORDER BY `main`.`Assessment`.`dueDate` ASC LIMIT ? OFFSET ?
prisma:query SELECT `main`.`Student`.`id`, `main`.`Student`.`studentId`, `main`.`Student`.`firstName`, `main`.`Student`.`lastName`, `main`.`Student`.`email`, `main`.`Student`.`phone`, `main`.`Student`.`idNumber`, `main`.`Student`.`progress`, `main`.`Student`.`totalCreditsEarned`, `main`.`Student`.`status`, `main`.`Student`.`createdAt`, `main`.`Student`.`updatedAt`, `main`.`Student`.`groupId`, `main`.`Student`.`facilitatorId`, `main`.`Student`.`currentModuleId` FROM `main`.`Student` WHERE `main`.`Student`.`id` IN (?,?,?) LIMIT ? OFFSET ?
prisma:query SELECT `main`.`Group`.`id`, `main`.`Group`.`name`, `main`.`Group`.`location`, `main`.`Group`.`address`, `main`.`Group`.`contactName`, `main`.`Group`.`contactPhone`, `main`.`Group`.`coordinator`, `main`.`Group`.`startDate`, `main`.`Group`.`endDate`, `main`.`Group`.`status`, `main`.`Group`.`notes`, `main`.`Group`.`createdAt`, `main`.`Group`.`updatedAt`, `main`.`Group`.`companyId` FROM `main`.`Group` WHERE `main`.`Group`.`id` IN (?,?) LIMIT ? OFFSET ?
prisma:query SELECT `main`.`UnitStandard`.`id`, `main`.`UnitStandard`.`code`, `main`.`UnitStandard`.`title`, `main`.`UnitStandard`.`credits`, `main`.`UnitStandard`.`level`, `main`.`UnitStandard`.`type`, `main`.`UnitStandard`.`content`, `main`.`UnitStandard`.`createdAt`, `main`.`UnitStandard`.`updatedAt`, `main`.`UnitStandard`.`moduleId` FROM `main`.`UnitStandard` WHERE `main`.`UnitStandard`.`id` IN (?,?,?) LIMIT ? OFFSET ?
prisma:query SELECT `main`.`Module`.`id`, `main`.`Module`.`moduleNumber`, `main`.`Module`.`code`, `main`.`Module`.`name`, `main`.`Module`.`fullName`, `main`.`Module`.`purpose`, `main`.`Module`.`description`, `main`.`Module`.`credits`, `main`.`Module`.`notionalHours`, `main`.`Module`.`classroomHours`, `main`.`Module`.`workplaceHours`, `main`.`Module`.`order`, `main`.`Module`.`status`, `main`.`Module`.`createdAt`, `main`.`Module`.`updatedAt` FROM `main`.`Module` WHERE `main`.`Module`.`id` IN (?,?,?) LIMIT ? OFFSET ?
 GET /api/assessments 200 in 2626ms
Middleware: Valid token for user adc25a2c-3aeb-43aa-af8f-5e2fe3028caa
Middleware: Valid token for user adc25a2c-3aeb-43aa-af8f-5e2fe3028caa
Middleware: Valid token for user adc25a2c-3aeb-43aa-af8f-5e2fe3028caa
 GET /api/assessments/templates 200 in 182ms
prisma:query SELECT `main`.`FormativeAssessment`.`id`, `main`.`FormativeAssessment`.`code`, `main`.`FormativeAssessment`.`title`, `main`.`FormativeAssessment`.`description`, `main`.`FormativeAssessment`.`documentPath`, `main`.`FormativeAssessment`.`questions`, `main`.`FormativeAssessment`.`passingScore`, `main`.`FormativeAssessment`.`order`, `main`.`FormativeAssessment`.`createdAt`, `main`.`FormativeAssessment`.`updatedAt`, `main`.`FormativeAssessment`.`moduleId`, `main`.`FormativeAssessment`.`unitStandardId` FROM `main`.`FormativeAssessment` WHERE 1=1 ORDER BY `main`.`FormativeAssessment`.`order` ASC LIMIT ? OFFSET ?
 GET /api/formatives 200 in 212ms
prisma:query SELECT `main`.`Assessment`.`id`, `main`.`Assessment`.`type`, `main`.`Assessment`.`method`, `main`.`Assessment`.`result`, `main`.`Assessment`.`score`, `main`.`Assessment`.`assessedDate`, `main`.`Assessment`.`dueDate`, `main`.`Assessment`.`notes`, `main`.`Assessment`.`feedback`, `main`.`Assessment`.`moderationStatus`, `main`.`Assessment`.`moderatedBy`, `main`.`Assessment`.`moderatedDate`, `main`.`Assessment`.`moderationNotes`, `main`.`Assessment`.`attemptNumber`, `main`.`Assessment`.`createdAt`, `main`.`Assessment`.`updatedAt`, `main`.`Assessment`.`studentId`, `main`.`Assessment`.`unitStandardId` FROM `main`.`Assessment` WHERE 1=1 ORDER BY `main`.`Assessment`.`dueDate` ASC LIMIT ? OFFSET ?
prisma:query SELECT `main`.`Student`.`id`, `main`.`Student`.`studentId`, `main`.`Student`.`firstName`, `main`.`Student`.`lastName`, `main`.`Student`.`email`, `main`.`Student`.`phone`, `main`.`Student`.`idNumber`, `main`.`Student`.`progress`, `main`.`Student`.`totalCreditsEarned`, `main`.`Student`.`status`, `main`.`Student`.`createdAt`, `main`.`Student`.`updatedAt`, `main`.`Student`.`groupId`, `main`.`Student`.`facilitatorId`, `main`.`Student`.`currentModuleId` FROM `main`.`Student` WHERE `main`.`Student`.`id` IN (?,?,?) LIMIT ? OFFSET ?
prisma:query SELECT `main`.`Group`.`id`, `main`.`Group`.`name`, `main`.`Group`.`location`, `main`.`Group`.`address`, `main`.`Group`.`contactName`, `main`.`Group`.`contactPhone`, `main`.`Group`.`coordinator`, `main`.`Group`.`startDate`, `main`.`Group`.`endDate`, `main`.`Group`.`status`, `main`.`Group`.`notes`, `main`.`Group`.`createdAt`, `main`.`Group`.`updatedAt`, `main`.`Group`.`companyId` FROM `main`.`Group` WHERE `main`.`Group`.`id` IN (?,?) LIMIT ? OFFSET ?
prisma:query SELECT `main`.`UnitStandard`.`id`, `main`.`UnitStandard`.`code`, `main`.`UnitStandard`.`title`, `main`.`UnitStandard`.`credits`, `main`.`UnitStandard`.`level`, `main`.`UnitStandard`.`type`, `main`.`UnitStandard`.`content`, `main`.`UnitStandard`.`createdAt`, `main`.`UnitStandard`.`updatedAt`, `main`.`UnitStandard`.`moduleId` FROM `main`.`UnitStandard` WHERE `main`.`UnitStandard`.`id` IN (?,?,?) LIMIT ? OFFSET ?
prisma:query SELECT `main`.`Module`.`id`, `main`.`Module`.`moduleNumber`, `main`.`Module`.`code`, `main`.`Module`.`name`, `main`.`Module`.`fullName`, `main`.`Module`.`purpose`, `main`.`Module`.`description`, `main`.`Module`.`credits`, `main`.`Module`.`notionalHours`, `main`.`Module`.`classroomHours`, `main`.`Module`.`workplaceHours`, `main`.`Module`.`order`, `main`.`Module`.`status`, `main`.`Module`.`createdAt`, `main`.`Module`.`updatedAt` FROM `main`.`Module` WHERE `main`.`Module`.`id` IN (?,?,?) LIMIT ? OFFSET ?
 GET /api/assessments 200 in 209ms
Middleware: Valid token for user adc25a2c-3aeb-43aa-af8f-5e2fe3028caa
 ○ Compiling /api/assessments/analytics ...
 ✓ Compiled /api/assessments/analytics in 1310ms (1066 modules)
prisma:query SELECT 1
prisma:query SELECT `main`.`Assessment`.`id`, `main`.`Assessment`.`type`, `main`.`Assessment`.`method`, `main`.`Assessment`.`result`, `main`.`Assessment`.`score`, `main`.`Assessment`.`assessedDate`, `main`.`Assessment`.`dueDate`, `main`.`Assessment`.`notes`, `main`.`Assessment`.`feedback`, `main`.`Assessment`.`moderationStatus`, `main`.`Assessment`.`moderatedBy`, `main`.`Assessment`.`moderatedDate`, `main`.`Assessment`.`moderationNotes`, `main`.`Assessment`.`attemptNumber`, `main`.`Assessment`.`createdAt`, `main`.`Assessment`.`updatedAt`, `main`.`Assessment`.`studentId`, `main`.`Assessment`.`unitStandardId` FROM `main`.`Assessment` WHERE 1=1 LIMIT ? OFFSET ?
prisma:query SELECT `main`.`Student`.`id`, `main`.`Student`.`firstName`, `main`.`Student`.`lastName`, `main`.`Student`.`groupId` FROM `main`.`Student` WHERE `main`.`Student`.`id` IN (?,?,?) LIMIT ? OFFSET ?
prisma:query SELECT `main`.`Group`.`id`, `main`.`Group`.`name` FROM `main`.`Group` WHERE `main`.`Group`.`id` IN (?,?) LIMIT ? OFFSET ?
 GET /api/assessments/analytics?period=all 200 in 1704ms
Middleware: Valid token for user adc25a2c-3aeb-43aa-af8f-5e2fe3028caa
prisma:query SELECT `main`.`Student`.`id`, `main`.`Student`.`studentId`, `main`.`Student`.`firstName`, `main`.`Student`.`lastName`, `main`.`Student`.`email`, `main`.`Student`.`phone`, `main`.`Student`.`idNumber`, `main`.`Student`.`progress`, `main`.`Student`.`totalCreditsEarned`, `main`.`Student`.`status`, `main`.`Student`.`createdAt`, `main`.`Student`.`updatedAt`, `main`.`Student`.`groupId`, `main`.`Student`.`facilitatorId`, `main`.`Student`.`currentModuleId` FROM `main`.`Student` WHERE 1=1 ORDER BY `main`.`Student`.`createdAt` DESC LIMIT ? OFFSET ?
prisma:query SELECT `main`.`Group`.`id`, `main`.`Group`.`name`, `main`.`Group`.`location`, `main`.`Group`.`address`, `main`.`Group`.`contactName`, `main`.`Group`.`contactPhone`, `main`.`Group`.`coordinator`, `main`.`Group`.`startDate`, `main`.`Group`.`endDate`, `main`.`Group`.`status`, `main`.`Group`.`notes`, `main`.`Group`.`createdAt`, `main`.`Group`.`updatedAt`, `main`.`Group`.`companyId` FROM `main`.`Group` WHERE `main`.`Group`.`id` IN (?,?,?,?,?,?,?,?,?,?) LIMIT ? OFFSET ?
prisma:query SELECT `main`.`Company`.`id`, `main`.`Company`.`name`, `main`.`Company`.`address`, `main`.`Company`.`contactPerson`, `main`.`Company`.`email`, `main`.`Company`.`phone`, `main`.`Company`.`industry`, `main`.`Company`.`status`, `main`.`Company`.`createdAt`, `main`.`Company`.`updatedAt` FROM `main`.`Company` WHERE `main`.`Company`.`id` IN (?,?,?,?,?,?,?,?) LIMIT ? OFFSET ?
prisma:query SELECT `main`.`User`.`id`, `main`.`User`.`name`, `main`.`User`.`email` FROM `main`.`User` WHERE `main`.`User`.`id` IN (?) LIMIT ? OFFSET ?
 GET /api/students 200 in 85ms
Middleware: Valid token for user adc25a2c-3aeb-43aa-af8f-5e2fe3028caa
 ○ Compiling /reports ...
 ✓ Compiled /reports in 16.2s (2513 modules)
Middleware: Valid token for user adc25a2c-3aeb-43aa-af8f-5e2fe3028caa
Middleware: Valid token for user adc25a2c-3aeb-43aa-af8f-5e2fe3028caa
 ○ Compiling /progress ...
 ✓ Compiled /progress in 1399ms (2509 modules)
Middleware: Valid token for user adc25a2c-3aeb-43aa-af8f-5e2fe3028caa
Middleware: Valid token for user adc25a2c-3aeb-43aa-af8f-5e2fe3028caa
Middleware: Valid token for user adc25a2c-3aeb-43aa-af8f-5e2fe3028caa
 ○ Compiling /api/progress ...
 ✓ Compiled /api/progress in 1197ms (1332 modules)
prisma:query SELECT 1
prisma:query SELECT `main`.`Student`.`id`, `main`.`Student`.`studentId`, `main`.`Student`.`firstName`, `main`.`Student`.`lastName`, `main`.`Student`.`email`, `main`.`Student`.`phone`, `main`.`Student`.`idNumber`, `main`.`Student`.`progress`, `main`.`Student`.`totalCreditsEarned`, `main`.`Student`.`status`, `main`.`Student`.`createdAt`, `main`.`Student`.`updatedAt`, `main`.`Student`.`groupId`, `main`.`Student`.`facilitatorId`, `main`.`Student`.`currentModuleId` FROM `main`.`Student` WHERE 1=1 ORDER BY `main`.`Student`.`createdAt` DESC LIMIT ? OFFSET ?
prisma:query SELECT `main`.`Group`.`id`, `main`.`Group`.`name`, `main`.`Group`.`location`, `main`.`Group`.`address`, `main`.`Group`.`contactName`, `main`.`Group`.`contactPhone`, `main`.`Group`.`coordinator`, `main`.`Group`.`startDate`, `main`.`Group`.`endDate`, `main`.`Group`.`status`, `main`.`Group`.`notes`, `main`.`Group`.`createdAt`, `main`.`Group`.`updatedAt`, `main`.`Group`.`companyId` FROM `main`.`Group` WHERE `main`.`Group`.`id` IN (?,?,?,?,?,?,?,?,?,?) LIMIT ? OFFSET ?
prisma:query SELECT `main`.`Company`.`id`, `main`.`Company`.`name`, `main`.`Company`.`address`, `main`.`Company`.`contactPerson`, `main`.`Company`.`email`, `main`.`Company`.`phone`, `main`.`Company`.`industry`, `main`.`Company`.`status`, `main`.`Company`.`createdAt`, `main`.`Company`.`updatedAt` FROM `main`.`Company` WHERE `main`.`Company`.`id` IN (?,?,?,?,?,?,?,?) LIMIT ? OFFSET ?
prisma:query SELECT `main`.`User`.`id`, `main`.`User`.`name`, `main`.`User`.`email` FROM `main`.`User` WHERE `main`.`User`.`id` IN (?) LIMIT ? OFFSET ?
 GET /api/students 200 in 2618ms
 GET /api/progress 200 in 2688ms
Middleware: Valid token for user adc25a2c-3aeb-43aa-af8f-5e2fe3028caa
Middleware: Valid token for user adc25a2c-3aeb-43aa-af8f-5e2fe3028caa
Middleware: Valid token for user adc25a2c-3aeb-43aa-af8f-5e2fe3028caa
Middleware: Valid token for user adc25a2c-3aeb-43aa-af8f-5e2fe3028caa
 ○ Compiling /api/students ...
 ✓ Compiled /api/students in 4s (1223 modules)
 ✓ Compiled (1310 modules)
 GET /api/progress 200 in 9845ms
prisma:query SELECT 1
prisma:query SELECT `main`.`Student`.`id`, `main`.`Student`.`studentId`, `main`.`Student`.`firstName`, `main`.`Student`.`lastName`, `main`.`Student`.`email`, `main`.`Student`.`phone`, `main`.`Student`.`idNumber`, `main`.`Student`.`progress`, `main`.`Student`.`totalCreditsEarned`, `main`.`Student`.`status`, `main`.`Student`.`createdAt`, `main`.`Student`.`updatedAt`, `main`.`Student`.`groupId`, `main`.`Student`.`facilitatorId`, `main`.`Student`.`currentModuleId` FROM `main`.`Student` WHERE 1=1 ORDER BY `main`.`Student`.`createdAt` DESC LIMIT ? OFFSET ?
prisma:query SELECT `main`.`Group`.`id`, `main`.`Group`.`name`, `main`.`Group`.`location`, `main`.`Group`.`address`, `main`.`Group`.`contactName`, `main`.`Group`.`contactPhone`, `main`.`Group`.`coordinator`, `main`.`Group`.`startDate`, `main`.`Group`.`endDate`, `main`.`Group`.`status`, `main`.`Group`.`notes`, `main`.`Group`.`createdAt`, `main`.`Group`.`updatedAt`, `main`.`Group`.`companyId` FROM `main`.`Group` WHERE `main`.`Group`.`id` IN (?,?,?,?,?,?,?,?,?,?) LIMIT ? OFFSET ?
prisma:query SELECT `main`.`Company`.`id`, `main`.`Company`.`name`, `main`.`Company`.`address`, `main`.`Company`.`contactPerson`, `main`.`Company`.`email`, `main`.`Company`.`phone`, `main`.`Company`.`industry`, `main`.`Company`.`status`, `main`.`Company`.`createdAt`, `main`.`Company`.`updatedAt` FROM `main`.`Company` WHERE `main`.`Company`.`id` IN (?,?,?,?,?,?,?,?) LIMIT ? OFFSET ?
prisma:query SELECT `main`.`User`.`id`, `main`.`User`.`name`, `main`.`User`.`email` FROM `main`.`User` WHERE `main`.`User`.`id` IN (?) LIMIT ? OFFSET ?
prisma:query SELECT `main`.`Company`.`id`, `main`.`Company`.`name`, `main`.`Company`.`address`, `main`.`Company`.`contactPerson`, `main`.`Company`.`email`, `main`.`Company`.`phone`, `main`.`Company`.`industry`, `main`.`Company`.`status`, `main`.`Company`.`createdAt`, `main`.`Company`.`updatedAt`, COALESCE(`aggr_selection_0_Group`.`_aggr_count_groups`, 0) AS `_aggr_count_groups` FROM `main`.`Company` LEFT JOIN (SELECT `main`.`Group`.`companyId`, COUNT(*) AS `_aggr_count_groups` FROM `main`.`Group` WHERE 1=1 GROUP BY `main`.`Group`.`companyId`) AS `aggr_selection_0_Group` ON (`main`.`Company`.`id` = `aggr_selection_0_Group`.`companyId`) WHERE 1=1 ORDER BY `main`.`Company`.`name` ASC LIMIT ? OFFSET ?
prisma:query SELECT `main`.`Group`.`id`, `main`.`Group`.`name`, `main`.`Group`.`status`, `main`.`Group`.`companyId` FROM `main`.`Group` WHERE `main`.`Group`.`companyId` IN (?,?,?,?,?,?,?,?) LIMIT ? OFFSET ?
prisma:query SELECT `main`.`Group`.`id`, `main`.`Group`.`name`, `main`.`Group`.`location`, `main`.`Group`.`address`, `main`.`Group`.`contactName`, `main`.`Group`.`contactPhone`, `main`.`Group`.`coordinator`, `main`.`Group`.`startDate`, `main`.`Group`.`endDate`, `main`.`Group`.`status`, `main`.`Group`.`notes`, `main`.`Group`.`createdAt`, `main`.`Group`.`updatedAt`, `main`.`Group`.`companyId`, COALESCE(`aggr_selection_0_Student`.`_aggr_count_students`, 0) AS `_aggr_count_students`, COALESCE(`aggr_selection_1_Session`.`_aggr_count_sessions`, 0) AS `_aggr_count_sessions` FROM `main`.`Group` LEFT JOIN (SELECT `main`.`Student`.`groupId`, COUNT(*) AS `_aggr_count_students` FROM `main`.`Student` WHERE 1=1 GROUP BY `main`.`Student`.`groupId`) AS `aggr_selection_0_Student` ON (`main`.`Group`.`id` = `aggr_selection_0_Student`.`groupId`) LEFT JOIN (SELECT `main`.`Session`.`groupId`, COUNT(*) AS `_aggr_count_sessions` FROM `main`.`Session` WHERE 1=1 GROUP BY `main`.`Session`.`groupId`) AS `aggr_selection_1_Session` ON (`main`.`Group`.`id` = `aggr_selection_1_Session`.`groupId`) WHERE 1=1 ORDER BY `main`.`Group`.`name` ASC LIMIT ? OFFSET ?
 GET /api/students 200 in 9874ms
 GET /api/companies 200 in 9883ms
prisma:query SELECT `main`.`Company`.`id`, `main`.`Company`.`name`, `main`.`Company`.`address`, `main`.`Company`.`contactPerson`, `main`.`Company`.`email`, `main`.`Company`.`phone`, `main`.`Company`.`industry`, `main`.`Company`.`status`, `main`.`Company`.`createdAt`, `main`.`Company`.`updatedAt` FROM `main`.`Company` WHERE `main`.`Company`.`id` IN (?,?,?,?,?,?,?,?) LIMIT ? OFFSET ?
prisma:query SELECT `main`.`Student`.`id`, `main`.`Student`.`studentId`, `main`.`Student`.`firstName`, `main`.`Student`.`lastName`, `main`.`Student`.`progress`, `main`.`Student`.`status`, `main`.`Student`.`groupId` FROM `main`.`Student` WHERE `main`.`Student`.`groupId` IN (?,?,?,?,?,?,?,?,?,?) ORDER BY `main`.`Student`.`lastName` ASC LIMIT ? OFFSET ?
prisma:query SELECT `main`.`GroupRolloutPlan`.`id`, `main`.`GroupRolloutPlan`.`groupId`, `main`.`GroupRolloutPlan`.`module1StartDate`, `main`.`GroupRolloutPlan`.`module1EndDate`, `main`.`GroupRolloutPlan`.`module2StartDate`, `main`.`GroupRolloutPlan`.`module2EndDate`, `main`.`GroupRolloutPlan`.`module3StartDate`, `main`.`GroupRolloutPlan`.`module3EndDate`, `main`.`GroupRolloutPlan`.`module4StartDate`, `main`.`GroupRolloutPlan`.`module4EndDate`, `main`.`GroupRolloutPlan`.`module5StartDate`, `main`.`GroupRolloutPlan`.`module5EndDate`, `main`.`GroupRolloutPlan`.`module6StartDate`, `main`.`GroupRolloutPlan`.`module6EndDate`, `main`.`GroupRolloutPlan`.`rolloutDocPath` FROM `main`.`GroupRolloutPlan` WHERE `main`.`GroupRolloutPlan`.`groupId` IN (?,?,?,?,?,?,?,?,?,?) LIMIT ? OFFSET ?
 GET /api/groups 200 in 9896ms
